[2022-09-20 16:49:43.839] [exthost] [info] Extension host with pid 2720 started
[2022-09-20 16:49:43.839] [exthost] [info] Skipping acquiring lock for /home/turbobato/.config/Code - OSS/User/workspaceStorage/db10395944b83e8f5fda21f2bc723b6d.
[2022-09-20 16:49:43.910] [exthost] [info] ExtensionService#_doActivateExtension vscode.debug-auto-launch, startup: true, activationEvent: '*'
[2022-09-20 16:49:43.914] [exthost] [info] ExtensionService#_doActivateExtension vscode.git-base, startup: true, activationEvent: '*', root cause: vscode.git
[2022-09-20 16:49:43.916] [exthost] [info] ExtensionService#_doActivateExtension vscode.ipynb, startup: true, activationEvent: '*'
[2022-09-20 16:49:44.111] [exthost] [info] ExtensionService#_doActivateExtension vscode.git, startup: true, activationEvent: '*'
[2022-09-20 16:49:44.127] [exthost] [info] ExtensionService#_doActivateExtension vscode.github, startup: true, activationEvent: '*'
[2022-09-20 16:49:44.156] [exthost] [info] Eager extensions activated
[2022-09-20 16:49:44.183] [exthost] [info] ExtensionService#_doActivateExtension vscode.emmet, startup: false, activationEvent: 'onStartupFinished'
[2022-09-20 16:49:44.188] [exthost] [info] ExtensionService#_doActivateExtension vscode.merge-conflict, startup: false, activationEvent: 'onStartupFinished'
[2022-09-20 16:50:08.053] [exthost] [info] Extension host terminating: received terminate message from renderer
[2022-09-20 16:50:08.059] [exthost] [info] Extension host with pid 2720 exiting with code 0
[2022-09-20 16:50:10.068] [exthost] [info] Extension host with pid 2984 started
[2022-09-20 16:50:10.068] [exthost] [info] Skipping acquiring lock for /home/turbobato/.config/Code - OSS/User/workspaceStorage/8da90c854dc295d065d7ce165de642ba.
[2022-09-20 16:50:10.238] [exthost] [info] ExtensionService#_doActivateExtension vscode.debug-auto-launch, startup: true, activationEvent: '*'
[2022-09-20 16:50:10.240] [exthost] [info] ExtensionService#_doActivateExtension vscode.git-base, startup: true, activationEvent: '*', root cause: vscode.git
[2022-09-20 16:50:10.245] [exthost] [info] ExtensionService#_doActivateExtension vscode.ipynb, startup: true, activationEvent: '*'
[2022-09-20 16:50:10.273] [exthost] [info] ExtensionService#_doActivateExtension vscode.git, startup: true, activationEvent: '*'
[2022-09-20 16:50:10.291] [exthost] [info] ExtensionService#_doActivateExtension vscode.github, startup: true, activationEvent: '*'
[2022-09-20 16:50:10.475] [exthost] [info] Eager extensions activated
[2022-09-20 16:50:10.490] [exthost] [info] ExtensionService#_doActivateExtension vscode.emmet, startup: false, activationEvent: 'onStartupFinished'
[2022-09-20 16:50:10.497] [exthost] [info] ExtensionService#_doActivateExtension vscode.merge-conflict, startup: false, activationEvent: 'onStartupFinished'
[2022-09-20 17:12:04.785] [exthost] [info] ExtensionService#_doActivateExtension vscode.configuration-editing, startup: false, activationEvent: 'onLanguage:jsonc'
[2022-09-20 17:12:04.794] [exthost] [info] ExtensionService#_doActivateExtension vscode.json-language-features, startup: false, activationEvent: 'onLanguage:jsonc'
[2022-09-20 17:12:04.823] [exthost] [info] ExtensionService#_doActivateExtension vscode.typescript-language-features, startup: false, activationEvent: 'onLanguage:jsonc'
[2022-09-20 17:12:33.599] [exthost] [info] Extension host terminating: received terminate message from renderer
[2022-09-20 17:12:33.613] [exthost] [info] Extension host with pid 2984 exiting with code 0
