[2022-09-20T09:28:39.161Z] Log level: Info
[2022-09-20T09:28:39.161Z] [info] Validating found git in: git
[2022-09-20T09:28:39.172Z] [info] Using git 2.37.3 from git
[2022-09-20T09:28:39.185Z] > git rev-parse --show-toplevel [4ms]
[2022-09-20T09:28:39.185Z] fatal: not a git repository (or any of the parent directories): .git
[2022-09-20T09:28:39.193Z] > git rev-parse --show-toplevel [1ms]
[2022-09-20T09:28:39.193Z] fatal: not a git repository (or any of the parent directories): .git
[2022-09-20T09:28:39.203Z] > git rev-parse --show-toplevel [5ms]
[2022-09-20T09:28:39.203Z] fatal: not a git repository (or any of the parent directories): .git
[2022-09-20T09:28:39.212Z] > git rev-parse --show-toplevel [5ms]
[2022-09-20T09:28:39.212Z] fatal: not a git repository (or any of the parent directories): .git
[2022-09-20T09:28:39.217Z] > git rev-parse --show-toplevel [1ms]
[2022-09-20T09:28:39.217Z] fatal: not a git repository (or any of the parent directories): .git
[2022-09-20T09:28:39.222Z] > git rev-parse --show-toplevel [1ms]
[2022-09-20T09:28:39.222Z] fatal: not a git repository (or any of the parent directories): .git
[2022-09-20T09:28:39.226Z] > git rev-parse --show-toplevel [1ms]
[2022-09-20T09:28:39.226Z] fatal: not a git repository (or any of the parent directories): .git
[2022-09-20T09:28:39.231Z] > git rev-parse --show-toplevel [1ms]
[2022-09-20T09:28:39.231Z] fatal: not a git repository (or any of the parent directories): .git
[2022-09-20T09:28:39.236Z] > git rev-parse --show-toplevel [1ms]
[2022-09-20T09:28:39.236Z] fatal: not a git repository (or any of the parent directories): .git
[2022-09-20T09:28:39.241Z] > git rev-parse --show-toplevel [1ms]
[2022-09-20T09:28:39.241Z] fatal: not a git repository (or any of the parent directories): .git
[2022-09-20T09:28:39.246Z] > git rev-parse --show-toplevel [1ms]
[2022-09-20T09:28:39.246Z] fatal: not a git repository (or any of the parent directories): .git
[2022-09-20T09:28:39.250Z] > git rev-parse --show-toplevel [0ms]
[2022-09-20T09:28:39.250Z] fatal: not a git repository (or any of the parent directories): .git
[2022-09-20T09:28:39.256Z] > git rev-parse --show-toplevel [1ms]
[2022-09-20T09:28:39.256Z] fatal: not a git repository (or any of the parent directories): .git
[2022-09-20T09:28:39.261Z] > git rev-parse --show-toplevel [1ms]
[2022-09-20T09:28:39.261Z] fatal: not a git repository (or any of the parent directories): .git
[2022-09-20T09:28:39.265Z] > git rev-parse --show-toplevel [1ms]
[2022-09-20T09:28:39.265Z] fatal: not a git repository (or any of the parent directories): .git
[2022-09-20T09:28:39.270Z] > git rev-parse --show-toplevel [1ms]
[2022-09-20T09:28:39.270Z] fatal: not a git repository (or any of the parent directories): .git
[2022-09-20T09:28:39.275Z] > git rev-parse --show-toplevel [1ms]
[2022-09-20T09:28:39.275Z] fatal: not a git repository (or any of the parent directories): .git
[2022-09-20T09:28:39.280Z] > git rev-parse --show-toplevel [1ms]
[2022-09-20T09:28:39.280Z] fatal: not a git repository (or any of the parent directories): .git
[2022-09-20T09:28:39.284Z] > git rev-parse --show-toplevel [1ms]
[2022-09-20T09:28:39.284Z] fatal: not a git repository (or any of the parent directories): .git
[2022-09-20T09:28:39.290Z] > git rev-parse --show-toplevel [1ms]
[2022-09-20T09:28:39.290Z] fatal: not a git repository (or any of the parent directories): .git
[2022-09-20T09:28:39.296Z] > git rev-parse --show-toplevel [2ms]
[2022-09-20T09:28:39.296Z] fatal: not a git repository (or any of the parent directories): .git
[2022-09-20T09:28:39.301Z] > git rev-parse --show-toplevel [1ms]
[2022-09-20T09:28:39.301Z] fatal: not a git repository (or any of the parent directories): .git
[2022-09-20T09:28:39.310Z] > git rev-parse --show-toplevel [1ms]
[2022-09-20T09:28:39.310Z] fatal: not a git repository (or any of the parent directories): .git
[2022-09-20T09:28:39.319Z] > git rev-parse --show-toplevel [1ms]
[2022-09-20T09:28:39.319Z] fatal: not a git repository (or any of the parent directories): .git
[2022-09-20T09:28:39.329Z] > git rev-parse --show-toplevel [1ms]
[2022-09-20T09:28:39.329Z] fatal: not a git repository (or any of the parent directories): .git
[2022-09-20T09:28:39.337Z] > git rev-parse --show-toplevel [1ms]
[2022-09-20T09:28:39.337Z] fatal: not a git repository (or any of the parent directories): .git
[2022-09-20T09:28:39.343Z] > git rev-parse --show-toplevel [2ms]
[2022-09-20T09:28:39.343Z] fatal: not a git repository (or any of the parent directories): .git
[2022-09-20T09:28:39.349Z] > git rev-parse --show-toplevel [1ms]
[2022-09-20T09:28:39.349Z] fatal: not a git repository (or any of the parent directories): .git
[2022-09-20T09:28:39.354Z] > git rev-parse --show-toplevel [0ms]
[2022-09-20T09:28:39.354Z] fatal: not a git repository (or any of the parent directories): .git
[2022-09-20T09:28:39.359Z] > git rev-parse --show-toplevel [0ms]
[2022-09-20T09:28:39.359Z] fatal: not a git repository (or any of the parent directories): .git
[2022-09-20T09:28:39.366Z] > git rev-parse --show-toplevel [1ms]
[2022-09-20T09:28:39.366Z] fatal: not a git repository (or any of the parent directories): .git
[2022-09-20T09:28:39.377Z] > git rev-parse --show-toplevel [3ms]
[2022-09-20T09:28:39.377Z] fatal: not a git repository (or any of the parent directories): .git
[2022-09-20T09:28:39.384Z] > git rev-parse --show-toplevel [2ms]
[2022-09-20T09:28:39.384Z] fatal: not a git repository (or any of the parent directories): .git
[2022-09-20T09:28:39.393Z] > git rev-parse --show-toplevel [2ms]
[2022-09-20T09:28:39.393Z] fatal: not a git repository (or any of the parent directories): .git
[2022-09-20T09:28:39.399Z] > git rev-parse --show-toplevel [1ms]
[2022-09-20T09:28:39.399Z] fatal: not a git repository (or any of the parent directories): .git
[2022-09-20T09:28:39.405Z] > git rev-parse --show-toplevel [1ms]
[2022-09-20T09:28:39.405Z] fatal: not a git repository (or any of the parent directories): .git
[2022-09-20T09:28:39.411Z] > git rev-parse --show-toplevel [0ms]
[2022-09-20T09:28:39.411Z] fatal: not a git repository (or any of the parent directories): .git
[2022-09-20T09:28:39.416Z] > git rev-parse --show-toplevel [0ms]
[2022-09-20T09:28:39.416Z] fatal: not a git repository (or any of the parent directories): .git
[2022-09-20T09:28:39.421Z] > git rev-parse --show-toplevel [1ms]
[2022-09-20T09:28:39.421Z] fatal: not a git repository (or any of the parent directories): .git
[2022-09-20T09:28:39.425Z] > git rev-parse --show-toplevel [0ms]
[2022-09-20T09:28:39.425Z] fatal: not a git repository (or any of the parent directories): .git
[2022-09-20T09:28:39.431Z] > git rev-parse --show-toplevel [0ms]
[2022-09-20T09:28:39.431Z] fatal: not a git repository (or any of the parent directories): .git
[2022-09-20T09:28:39.437Z] > git rev-parse --show-toplevel [1ms]
[2022-09-20T09:28:39.437Z] fatal: not a git repository (or any of the parent directories): .git
[2022-09-20T09:28:39.444Z] > git rev-parse --show-toplevel [2ms]
[2022-09-20T09:28:39.444Z] fatal: not a git repository (or any of the parent directories): .git
[2022-09-20T09:28:39.449Z] > git rev-parse --show-toplevel [1ms]
[2022-09-20T09:28:39.449Z] fatal: not a git repository (or any of the parent directories): .git
[2022-09-20T09:28:39.457Z] > git rev-parse --show-toplevel [1ms]
[2022-09-20T09:28:39.457Z] fatal: not a git repository (or any of the parent directories): .git
[2022-09-20T09:28:39.463Z] > git rev-parse --show-toplevel [0ms]
[2022-09-20T09:28:39.463Z] fatal: not a git repository (or any of the parent directories): .git
[2022-09-20T09:28:39.469Z] > git rev-parse --show-toplevel [0ms]
[2022-09-20T09:28:39.469Z] fatal: not a git repository (or any of the parent directories): .git
[2022-09-20T09:28:39.475Z] > git rev-parse --show-toplevel [1ms]
[2022-09-20T09:28:39.475Z] fatal: not a git repository (or any of the parent directories): .git
[2022-09-20T09:28:39.480Z] > git rev-parse --show-toplevel [1ms]
[2022-09-20T09:28:39.480Z] fatal: not a git repository (or any of the parent directories): .git
[2022-09-20T09:28:39.485Z] > git rev-parse --show-toplevel [1ms]
[2022-09-20T09:28:39.485Z] fatal: not a git repository (or any of the parent directories): .git
[2022-09-20T09:28:39.491Z] > git rev-parse --show-toplevel [1ms]
[2022-09-20T09:28:39.491Z] fatal: not a git repository (or any of the parent directories): .git
[2022-09-20T09:28:39.496Z] > git rev-parse --show-toplevel [0ms]
[2022-09-20T09:28:39.496Z] fatal: not a git repository (or any of the parent directories): .git
[2022-09-20T09:28:39.502Z] > git rev-parse --show-toplevel [1ms]
[2022-09-20T09:28:39.502Z] fatal: not a git repository (or any of the parent directories): .git
[2022-09-20T09:28:39.507Z] > git rev-parse --show-toplevel [1ms]
[2022-09-20T09:28:39.507Z] fatal: not a git repository (or any of the parent directories): .git
[2022-09-20T09:28:39.512Z] > git rev-parse --show-toplevel [1ms]
[2022-09-20T09:28:39.512Z] fatal: not a git repository (or any of the parent directories): .git
[2022-09-20T09:28:39.518Z] > git rev-parse --show-toplevel [1ms]
[2022-09-20T09:28:39.518Z] fatal: not a git repository (or any of the parent directories): .git
[2022-09-20T09:28:39.524Z] > git rev-parse --show-toplevel [0ms]
[2022-09-20T09:28:39.524Z] fatal: not a git repository (or any of the parent directories): .git
[2022-09-20T09:28:39.530Z] > git rev-parse --show-toplevel [1ms]
[2022-09-20T09:28:39.530Z] fatal: not a git repository (or any of the parent directories): .git
[2022-09-20T09:28:39.536Z] > git rev-parse --show-toplevel [1ms]
[2022-09-20T09:28:39.536Z] fatal: not a git repository (or any of the parent directories): .git
[2022-09-20T09:28:39.541Z] > git rev-parse --show-toplevel [1ms]
[2022-09-20T09:28:39.541Z] fatal: not a git repository (or any of the parent directories): .git
[2022-09-20T09:28:39.546Z] > git rev-parse --show-toplevel [0ms]
[2022-09-20T09:28:39.546Z] fatal: not a git repository (or any of the parent directories): .git
[2022-09-20T09:28:39.553Z] > git rev-parse --show-toplevel [1ms]
[2022-09-20T09:28:39.553Z] fatal: not a git repository (or any of the parent directories): .git
[2022-09-20T09:28:39.560Z] > git rev-parse --show-toplevel [1ms]
[2022-09-20T09:28:39.560Z] fatal: not a git repository (or any of the parent directories): .git
[2022-09-20T09:28:39.566Z] > git rev-parse --show-toplevel [1ms]
[2022-09-20T09:28:39.566Z] fatal: not a git repository (or any of the parent directories): .git
[2022-09-20T09:28:39.572Z] > git rev-parse --show-toplevel [1ms]
[2022-09-20T09:28:39.572Z] fatal: not a git repository (or any of the parent directories): .git
[2022-09-20T09:28:39.578Z] > git rev-parse --show-toplevel [1ms]
[2022-09-20T09:28:39.578Z] fatal: not a git repository (or any of the parent directories): .git
[2022-09-20T09:28:39.586Z] > git rev-parse --show-toplevel [1ms]
[2022-09-20T09:28:39.586Z] fatal: not a git repository (or any of the parent directories): .git
[2022-09-20T09:28:39.593Z] > git rev-parse --show-toplevel [0ms]
[2022-09-20T09:28:39.593Z] fatal: not a git repository (or any of the parent directories): .git
[2022-09-20T09:28:39.599Z] > git rev-parse --show-toplevel [1ms]
[2022-09-20T09:28:39.599Z] fatal: not a git repository (or any of the parent directories): .git
[2022-09-20T09:28:39.606Z] > git rev-parse --show-toplevel [1ms]
[2022-09-20T09:28:39.607Z] fatal: not a git repository (or any of the parent directories): .git
[2022-09-20T09:28:39.616Z] > git rev-parse --show-toplevel [2ms]
[2022-09-20T09:28:39.616Z] fatal: not a git repository (or any of the parent directories): .git
[2022-09-20T09:28:39.625Z] > git rev-parse --show-toplevel [1ms]
[2022-09-20T09:28:39.625Z] fatal: not a git repository (or any of the parent directories): .git
[2022-09-20T09:28:39.635Z] > git rev-parse --show-toplevel [2ms]
[2022-09-20T09:28:39.635Z] fatal: not a git repository (or any of the parent directories): .git
[2022-09-20T09:28:39.642Z] > git rev-parse --show-toplevel [1ms]
[2022-09-20T09:28:39.642Z] fatal: not a git repository (or any of the parent directories): .git
[2022-09-20T09:28:39.647Z] > git rev-parse --show-toplevel [1ms]
[2022-09-20T09:28:39.647Z] fatal: not a git repository (or any of the parent directories): .git
[2022-09-20T09:28:39.652Z] > git rev-parse --show-toplevel [1ms]
[2022-09-20T09:28:39.652Z] fatal: not a git repository (or any of the parent directories): .git
[2022-09-20T09:28:39.657Z] > git rev-parse --show-toplevel [1ms]
[2022-09-20T09:28:39.657Z] fatal: not a git repository (or any of the parent directories): .git
[2022-09-20T09:28:39.662Z] > git rev-parse --show-toplevel [0ms]
[2022-09-20T09:28:39.662Z] fatal: not a git repository (or any of the parent directories): .git
[2022-09-20T09:28:39.667Z] > git rev-parse --show-toplevel [1ms]
[2022-09-20T09:28:39.667Z] fatal: not a git repository (or any of the parent directories): .git
[2022-09-20T09:28:39.672Z] > git rev-parse --show-toplevel [1ms]
[2022-09-20T09:28:39.672Z] fatal: not a git repository (or any of the parent directories): .git
[2022-09-20T09:28:39.677Z] > git rev-parse --show-toplevel [1ms]
[2022-09-20T09:28:39.677Z] fatal: not a git repository (or any of the parent directories): .git
[2022-09-20T09:28:39.682Z] > git rev-parse --show-toplevel [1ms]
[2022-09-20T09:28:39.682Z] fatal: not a git repository (or any of the parent directories): .git
[2022-09-20T09:28:39.689Z] > git rev-parse --show-toplevel [2ms]
[2022-09-20T09:28:39.689Z] fatal: not a git repository (or any of the parent directories): .git
[2022-09-20T09:28:39.698Z] > git rev-parse --show-toplevel [2ms]
[2022-09-20T09:28:39.698Z] fatal: not a git repository (or any of the parent directories): .git
[2022-09-20T09:28:39.705Z] > git rev-parse --show-toplevel [1ms]
[2022-09-20T09:28:39.705Z] fatal: not a git repository (or any of the parent directories): .git
[2022-09-20T09:28:39.722Z] > git rev-parse --show-toplevel [2ms]
[2022-09-20T09:28:39.722Z] fatal: not a git repository (or any of the parent directories): .git
[2022-09-20T09:28:39.731Z] > git rev-parse --show-toplevel [1ms]
[2022-09-20T09:28:39.731Z] fatal: not a git repository (or any of the parent directories): .git
[2022-09-20T09:28:39.738Z] > git rev-parse --show-toplevel [0ms]
[2022-09-20T09:28:39.738Z] fatal: not a git repository (or any of the parent directories): .git
[2022-09-20T09:28:39.744Z] > git rev-parse --show-toplevel [1ms]
[2022-09-20T09:28:39.744Z] fatal: not a git repository (or any of the parent directories): .git
[2022-09-20T09:28:39.749Z] > git rev-parse --show-toplevel [1ms]
[2022-09-20T09:28:39.749Z] fatal: not a git repository (or any of the parent directories): .git
[2022-09-20T09:28:39.757Z] > git rev-parse --show-toplevel [2ms]
[2022-09-20T09:28:39.757Z] fatal: not a git repository (or any of the parent directories): .git
[2022-09-20T09:28:39.764Z] > git rev-parse --show-toplevel [0ms]
[2022-09-20T09:28:39.764Z] fatal: not a git repository (or any of the parent directories): .git
[2022-09-20T09:28:39.773Z] > git rev-parse --show-toplevel [2ms]
[2022-09-20T09:28:39.773Z] fatal: not a git repository (or any of the parent directories): .git
[2022-09-20T09:28:39.780Z] > git rev-parse --show-toplevel [3ms]
[2022-09-20T09:28:39.780Z] fatal: not a git repository (or any of the parent directories): .git
[2022-09-20T09:28:39.788Z] > git rev-parse --show-toplevel [0ms]
[2022-09-20T09:28:39.788Z] fatal: not a git repository (or any of the parent directories): .git
[2022-09-20T09:28:39.793Z] > git rev-parse --show-toplevel [1ms]
[2022-09-20T09:28:39.793Z] fatal: not a git repository (or any of the parent directories): .git
[2022-09-20T09:28:39.797Z] > git rev-parse --show-toplevel [0ms]
[2022-09-20T09:28:39.797Z] fatal: not a git repository (or any of the parent directories): .git
[2022-09-20T09:28:39.803Z] > git rev-parse --show-toplevel [1ms]
[2022-09-20T09:28:39.803Z] fatal: not a git repository (or any of the parent directories): .git
[2022-09-20T09:28:48.781Z] > git rev-parse --show-toplevel [4ms]
[2022-09-20T09:28:48.781Z] fatal: not a git repository (or any of the parent directories): .git
[2022-09-20T09:28:58.341Z] > git rev-parse --show-toplevel [2ms]
[2022-09-20T09:28:58.341Z] fatal: not a git repository (or any of the parent directories): .git
[2022-09-20T09:29:10.767Z] > git rev-parse --show-toplevel [2ms]
[2022-09-20T09:29:10.767Z] fatal: not a git repository (or any of the parent directories): .git
