[2022-09-20 10:23:57.535] [sharedprocess] [info] Starting worker process with pid 1815 (type: fileWatcher, window: 1).
[2022-09-20 10:24:19.683] [sharedprocess] [info] Getting Manifest... ms-python.python
[2022-09-20 10:24:19.717] [sharedprocess] [info] Installing extension: ms-python.python
[2022-09-20 10:24:19.949] [sharedprocess] [info] Getting Manifest... ms-toolsai.jupyter
[2022-09-20 10:24:20.551] [sharedprocess] [info] Getting Manifest... ms-toolsai.jupyter-renderers
[2022-09-20 10:24:20.829] [sharedprocess] [info] Getting Manifest... ms-toolsai.jupyter-keymap
[2022-09-20 10:24:21.165] [sharedprocess] [info] Installing extension: ms-toolsai.jupyter
[2022-09-20 10:24:21.166] [sharedprocess] [info] Installing extension: ms-toolsai.jupyter-renderers
[2022-09-20 10:24:21.166] [sharedprocess] [info] Installing extension: ms-toolsai.jupyter-keymap
[2022-09-20 10:24:22.011] [sharedprocess] [info] Downloaded extension: ms-toolsai.jupyter-keymap /home/turbobato/.config/Code - OSS/CachedExtensionVSIXs/ms-toolsai.jupyter-keymap-1.0.0
[2022-09-20 10:24:22.054] [sharedprocess] [info] Extracted extension to /home/turbobato/.vscode-oss/extensions/.35799a91-480d-4a0a-989b-2c847515c542: ms-toolsai.jupyter-keymap
[2022-09-20 10:24:22.060] [sharedprocess] [info] Renamed to /home/turbobato/.vscode-oss/extensions/ms-toolsai.jupyter-keymap-1.0.0
[2022-09-20 10:24:22.064] [sharedprocess] [info] Extracting completed. ms-toolsai.jupyter-keymap
[2022-09-20 10:24:22.921] [sharedprocess] [info] Downloaded extension: ms-toolsai.jupyter-renderers /home/turbobato/.config/Code - OSS/CachedExtensionVSIXs/ms-toolsai.jupyter-renderers-1.0.9
[2022-09-20 10:24:23.174] [sharedprocess] [info] Extracted extension to /home/turbobato/.vscode-oss/extensions/.1f1cc108-4b40-46a9-8838-d5315d649591: ms-toolsai.jupyter-renderers
[2022-09-20 10:24:23.181] [sharedprocess] [info] Renamed to /home/turbobato/.vscode-oss/extensions/ms-toolsai.jupyter-renderers-1.0.9
[2022-09-20 10:24:23.183] [sharedprocess] [info] Extracting completed. ms-toolsai.jupyter-renderers
[2022-09-20 10:24:23.642] [sharedprocess] [info] Downloaded extension: ms-toolsai.jupyter /home/turbobato/.config/Code - OSS/CachedExtensionVSIXs/ms-toolsai.jupyter-2022.8.1002460559
[2022-09-20 10:24:24.319] [sharedprocess] [info] Extracted extension to /home/turbobato/.vscode-oss/extensions/.2d519b53-4b6e-4521-bc8c-f3e311090c47: ms-toolsai.jupyter
[2022-09-20 10:24:24.327] [sharedprocess] [info] Renamed to /home/turbobato/.vscode-oss/extensions/ms-toolsai.jupyter-2022.8.1002460559
[2022-09-20 10:24:24.338] [sharedprocess] [info] Extracting completed. ms-toolsai.jupyter
[2022-09-20 10:24:26.160] [sharedprocess] [info] Downloaded extension: ms-python.python /home/turbobato/.config/Code - OSS/CachedExtensionVSIXs/ms-python.python-2022.14.0
[2022-09-20 10:24:28.704] [sharedprocess] [info] Extracted extension to /home/turbobato/.vscode-oss/extensions/.078e7fc7-86c2-45b0-8439-61cea71a4bb0: ms-python.python
[2022-09-20 10:24:28.719] [sharedprocess] [info] Renamed to /home/turbobato/.vscode-oss/extensions/ms-python.python-2022.14.0
[2022-09-20 10:24:28.723] [sharedprocess] [info] Extracting completed. ms-python.python
[2022-09-20 10:24:28.729] [sharedprocess] [info] Extension installed successfully: ms-toolsai.jupyter-keymap
[2022-09-20 10:24:28.729] [sharedprocess] [info] Extension installed successfully: ms-toolsai.jupyter-renderers
[2022-09-20 10:24:28.729] [sharedprocess] [info] Extension installed successfully: ms-toolsai.jupyter
[2022-09-20 10:24:28.730] [sharedprocess] [info] Extension installed successfully: ms-python.python
[2022-09-20 10:25:12.643] [sharedprocess] [info] Getting Manifest... matklad.rust-analyzer
[2022-09-20 10:25:12.705] [sharedprocess] [info] Installing extension: matklad.rust-analyzer
[2022-09-20 10:25:14.097] [sharedprocess] [info] Downloaded extension: matklad.rust-analyzer /home/turbobato/.config/Code - OSS/CachedExtensionVSIXs/matklad.rust-analyzer-0.2.853
[2022-09-20 10:25:14.139] [sharedprocess] [info] Extracted extension to /home/turbobato/.vscode-oss/extensions/.f68088df-968f-4db0-9b13-1ad8d37526a5: matklad.rust-analyzer
[2022-09-20 10:25:14.146] [sharedprocess] [info] Renamed to /home/turbobato/.vscode-oss/extensions/matklad.rust-analyzer-0.2.853
[2022-09-20 10:25:14.149] [sharedprocess] [info] Extracting completed. matklad.rust-analyzer
[2022-09-20 10:25:14.150] [sharedprocess] [info] Extension installed successfully: matklad.rust-analyzer
[2022-09-20 10:27:39.745] [sharedprocess] [info] Worker process with pid 1815 terminated normally (type: fileWatcher, window: 1).
[2022-09-20 10:27:41.165] [sharedprocess] [info] Starting worker process with pid 2411 (type: fileWatcher, window: 1).
[2022-09-20 10:33:51.372] [sharedprocess] [info] Worker process with pid 2411 terminated normally (type: fileWatcher, window: 1).
[2022-09-20 10:33:53.390] [sharedprocess] [info] Starting worker process with pid 7763 (type: fileWatcher, window: 1).
[2022-09-20 10:42:48.572] [sharedprocess] [info] Worker process with pid 7763 terminated normally (type: fileWatcher, window: 1).
[2022-09-20 10:42:50.016] [sharedprocess] [info] Starting worker process with pid 8770 (type: fileWatcher, window: 1).
[2022-09-20 10:45:24.024] [sharedprocess] [info] Worker process with pid 8770 terminated normally (type: fileWatcher, window: 1).
[2022-09-20 10:45:25.512] [sharedprocess] [info] Starting worker process with pid 9010 (type: fileWatcher, window: 1).
[2022-09-20 10:52:32.653] [sharedprocess] [info] Starting worker process with pid 9913 (type: fileWatcher, window: 3).
[2022-09-20 10:52:42.719] [sharedprocess] [info] Worker process with pid 9913 terminated normally (type: fileWatcher, window: 3).
[2022-09-20 10:52:44.106] [sharedprocess] [info] Starting worker process with pid 10000 (type: fileWatcher, window: 3).
[2022-09-20 11:10:02.696] [sharedprocess] [info] Worker process with pid 9010 terminated normally (type: fileWatcher, window: 1).
