[2022-09-20 11:40:51.669] [renderer1] [critical] Extension 'ms-python.python CANNOT USE these API proposals 'quickPickSortByLabel, testObserver'. You MUST start in extension development mode or use the --enable-proposed-api command line flag
[2022-09-20 11:40:51.670] [renderer1] [critical] Extension 'ms-toolsai.jupyter CANNOT USE these API proposals 'notebookControllerKind, notebookWorkspaceEdit, notebookDebugOptions, notebookDeprecated, notebookMessaging, notebookMime, notebookCellExecutionState, portsAttributes, quickPickSortByLabel, notebookKernelSource, interactiveWindow'. You MUST start in extension development mode or use the --enable-proposed-api command line flag
[2022-09-20 11:40:54.257] [renderer1] [error] [ms-toolsai.jupyter]: notebook/kernelSource is a proposed menu identifier. It requires 'package.json#enabledApiProposals: ["notebookKernelSource"]' and is only available when running out of dev or with the following command line switch: --enable-proposed-api ms-toolsai.jupyter
[2022-09-20 11:42:17.607] [renderer1] [critical] Extension 'ms-python.python CANNOT USE these API proposals 'quickPickSortByLabel, testObserver'. You MUST start in extension development mode or use the --enable-proposed-api command line flag
[2022-09-20 11:42:17.608] [renderer1] [critical] Extension 'ms-toolsai.jupyter CANNOT USE these API proposals 'notebookControllerKind, notebookWorkspaceEdit, notebookDebugOptions, notebookDeprecated, notebookMessaging, notebookMime, notebookCellExecutionState, portsAttributes, quickPickSortByLabel, notebookKernelSource, interactiveWindow'. You MUST start in extension development mode or use the --enable-proposed-api command line flag
[2022-09-20 11:42:17.713] [renderer1] [error] [ms-toolsai.jupyter]: notebook/kernelSource is a proposed menu identifier. It requires 'package.json#enabledApiProposals: ["notebookKernelSource"]' and is only available when running out of dev or with the following command line switch: --enable-proposed-api ms-toolsai.jupyter
[2022-09-20 11:42:28.219] [renderer1] [error] [text file model] handleSaveError(3) - exit - resulted in a save error: Error: Unable to write file '/etc/locale.conf' (NoPermissions (FileSystemError): Error: EACCES: permission denied, open '/etc/locale.conf') file:///etc/locale.conf
[2022-09-20 11:42:34.447] [renderer1] [error] [text file model] handleSaveError(3) - exit - resulted in a save error: Error: Command failed: cd "/home/turbobato"; "/usr/bin/pkexec" --disable-internal-agent /bin/bash -c "echo SUDOPROMPT; \"/usr/lib/electron19/bin/code-oss\" --file-write \"/home/turbobato/.config/Code - OSS/code-elevated-Tvq6DsXY\" \"/etc/locale.conf\""
/bin/bash: line 1: /usr/lib/electron19/bin/code-oss: No such file or directory
 file:///etc/locale.conf
[2022-09-20 11:42:41.540] [renderer1] [error] [text file model] handleSaveError(3) - exit - resulted in a save error: Error: Unable to write file '/etc/locale.conf' (NoPermissions (FileSystemError): Error: EACCES: permission denied, open '/etc/locale.conf') file:///etc/locale.conf
[2022-09-20 11:42:47.799] [renderer1] [error] [text file model] handleSaveError(3) - exit - resulted in a save error: Error: Command failed: cd "/home/turbobato"; "/usr/bin/pkexec" --disable-internal-agent /bin/bash -c "echo SUDOPROMPT; \"/usr/lib/electron19/bin/code-oss\" --file-write \"/home/turbobato/.config/Code - OSS/code-elevated-C2TzZy6y\" \"/etc/locale.conf\""
/bin/bash: line 1: /usr/lib/electron19/bin/code-oss: No such file or directory
 file:///etc/locale.conf
[2022-09-20 11:43:06.818] [renderer1] [error] [text file model] handleSaveError(6) - exit - resulted in a save error: Error: Unable to write file '/etc/locale.conf' (NoPermissions (FileSystemError): Error: EACCES: permission denied, open '/etc/locale.conf') file:///etc/locale.conf
[2022-09-20 13:18:18.215] [renderer1] [error] [text file model] handleSaveError(10) - exit - resulted in a save error: Error: Unable to write file '/etc/i3status.conf' (NoPermissions (FileSystemError): Error: EACCES: permission denied, open '/etc/i3status.conf') file:///etc/i3status.conf
[2022-09-20 13:18:18.432] [renderer1] [error] [text file model] handleSaveError(10) - exit - resulted in a save error: Error: Unable to write file '/etc/i3status.conf' (NoPermissions (FileSystemError): Error: EACCES: permission denied, open '/etc/i3status.conf') file:///etc/i3status.conf
[2022-09-20 13:18:18.629] [renderer1] [error] [text file model] handleSaveError(10) - exit - resulted in a save error: Error: Unable to write file '/etc/i3status.conf' (NoPermissions (FileSystemError): Error: EACCES: permission denied, open '/etc/i3status.conf') file:///etc/i3status.conf
[2022-09-20 13:19:30.227] [renderer1] [error] Unable to read file '/etc/i3status.conf' (Error: File not modified since): Error: Unable to read file '/etc/i3status.conf' (Error: File not modified since)
    at h.doReadFileStream (vscode-file://vscode-app/usr/lib/code/out/vs/workbench/workbench.desktop.main.js:603:20036)
    at async p.doRead (vscode-file://vscode-app/usr/lib/code/out/vs/workbench/workbench.desktop.main.js:2763:42714)
    at async p.readStream (vscode-file://vscode-app/usr/lib/code/out/vs/workbench/workbench.desktop.main.js:2763:42389)
    at async kr.resolveFromFile (vscode-file://vscode-app/usr/lib/code/out/vs/workbench/workbench.desktop.main.js:2752:68593)
    at async vscode-file://vscode-app/usr/lib/code/out/vs/workbench/workbench.desktop.main.js:2763:36858
[2022-09-20 13:19:51.133] [renderer1] [error] Unable to read file '/etc/bash.bashrc' (Error: File not modified since): Error: Unable to read file '/etc/bash.bashrc' (Error: File not modified since)
    at h.doReadFileStream (vscode-file://vscode-app/usr/lib/code/out/vs/workbench/workbench.desktop.main.js:603:20036)
    at async p.doRead (vscode-file://vscode-app/usr/lib/code/out/vs/workbench/workbench.desktop.main.js:2763:42714)
    at async p.readStream (vscode-file://vscode-app/usr/lib/code/out/vs/workbench/workbench.desktop.main.js:2763:42389)
    at async kr.resolveFromFile (vscode-file://vscode-app/usr/lib/code/out/vs/workbench/workbench.desktop.main.js:2752:68593)
    at async vscode-file://vscode-app/usr/lib/code/out/vs/workbench/workbench.desktop.main.js:2763:36858
