[2022-09-20T11:21:15.777Z] Log level: Info
[2022-09-20T11:21:15.778Z] [info] Validating found git in: git
[2022-09-20T11:21:15.875Z] [info] Using git 2.37.3 from git
[2022-09-20T11:21:15.887Z] > git rev-parse --show-toplevel [5ms]
[2022-09-20T11:21:15.887Z] fatal: not a git repository (or any of the parent directories): .git
[2022-09-20T11:21:15.895Z] > git rev-parse --show-toplevel [3ms]
[2022-09-20T11:21:15.895Z] fatal: not a git repository (or any of the parent directories): .git
[2022-09-20T11:21:15.899Z] > git rev-parse --show-toplevel [1ms]
[2022-09-20T11:21:15.900Z] fatal: not a git repository (or any of the parent directories): .git
[2022-09-20T11:21:15.904Z] > git rev-parse --show-toplevel [1ms]
[2022-09-20T11:21:15.904Z] fatal: not a git repository (or any of the parent directories): .git
[2022-09-20T11:21:15.908Z] > git rev-parse --show-toplevel [1ms]
[2022-09-20T11:21:15.908Z] fatal: not a git repository (or any of the parent directories): .git
[2022-09-20T11:21:15.912Z] > git rev-parse --show-toplevel [1ms]
[2022-09-20T11:21:15.912Z] fatal: not a git repository (or any of the parent directories): .git
[2022-09-20T11:21:15.916Z] > git rev-parse --show-toplevel [0ms]
[2022-09-20T11:21:15.916Z] fatal: not a git repository (or any of the parent directories): .git
[2022-09-20T11:21:15.920Z] > git rev-parse --show-toplevel [1ms]
[2022-09-20T11:21:15.920Z] fatal: not a git repository (or any of the parent directories): .git
[2022-09-20T11:21:15.924Z] > git rev-parse --show-toplevel [0ms]
[2022-09-20T11:21:15.924Z] fatal: not a git repository (or any of the parent directories): .git
[2022-09-20T11:21:15.928Z] > git rev-parse --show-toplevel [1ms]
[2022-09-20T11:21:15.928Z] fatal: not a git repository (or any of the parent directories): .git
[2022-09-20T11:21:15.932Z] > git rev-parse --show-toplevel [1ms]
[2022-09-20T11:21:15.932Z] fatal: not a git repository (or any of the parent directories): .git
[2022-09-20T11:21:15.937Z] > git rev-parse --show-toplevel [1ms]
[2022-09-20T11:21:15.937Z] fatal: not a git repository (or any of the parent directories): .git
[2022-09-20T11:21:15.941Z] > git rev-parse --show-toplevel [1ms]
[2022-09-20T11:21:15.941Z] fatal: not a git repository (or any of the parent directories): .git
[2022-09-20T11:21:15.948Z] > git rev-parse --show-toplevel [1ms]
[2022-09-20T11:21:15.949Z] fatal: not a git repository (or any of the parent directories): .git
[2022-09-20T11:21:15.954Z] > git rev-parse --show-toplevel [0ms]
[2022-09-20T11:21:15.954Z] fatal: not a git repository (or any of the parent directories): .git
[2022-09-20T11:21:15.959Z] > git rev-parse --show-toplevel [1ms]
[2022-09-20T11:21:15.959Z] fatal: not a git repository (or any of the parent directories): .git
[2022-09-20T11:21:15.966Z] > git rev-parse --show-toplevel [2ms]
[2022-09-20T11:21:15.966Z] fatal: not a git repository (or any of the parent directories): .git
[2022-09-20T11:21:15.969Z] > git rev-parse --show-toplevel [1ms]
[2022-09-20T11:21:15.969Z] fatal: not a git repository (or any of the parent directories): .git
[2022-09-20T11:21:15.974Z] > git rev-parse --show-toplevel [1ms]
[2022-09-20T11:21:15.974Z] fatal: not a git repository (or any of the parent directories): .git
[2022-09-20T11:21:15.979Z] > git rev-parse --show-toplevel [1ms]
[2022-09-20T11:21:15.979Z] fatal: not a git repository (or any of the parent directories): .git
[2022-09-20T11:21:15.983Z] > git rev-parse --show-toplevel [0ms]
[2022-09-20T11:21:15.983Z] fatal: not a git repository (or any of the parent directories): .git
[2022-09-20T11:21:15.986Z] > git rev-parse --show-toplevel [0ms]
[2022-09-20T11:21:15.987Z] fatal: not a git repository (or any of the parent directories): .git
[2022-09-20T11:21:15.991Z] > git rev-parse --show-toplevel [1ms]
[2022-09-20T11:21:15.991Z] fatal: not a git repository (or any of the parent directories): .git
[2022-09-20T11:21:15.996Z] > git rev-parse --show-toplevel [1ms]
[2022-09-20T11:21:15.996Z] fatal: not a git repository (or any of the parent directories): .git
[2022-09-20T11:21:16.001Z] > git rev-parse --show-toplevel [1ms]
[2022-09-20T11:21:16.001Z] fatal: not a git repository (or any of the parent directories): .git
[2022-09-20T11:21:16.006Z] > git rev-parse --show-toplevel [1ms]
[2022-09-20T11:21:16.006Z] fatal: not a git repository (or any of the parent directories): .git
[2022-09-20T11:21:16.010Z] > git rev-parse --show-toplevel [0ms]
[2022-09-20T11:21:16.010Z] fatal: not a git repository (or any of the parent directories): .git
[2022-09-20T11:21:16.015Z] > git rev-parse --show-toplevel [1ms]
[2022-09-20T11:21:16.015Z] fatal: not a git repository (or any of the parent directories): .git
[2022-09-20T11:21:16.019Z] > git rev-parse --show-toplevel [1ms]
[2022-09-20T11:21:16.019Z] fatal: not a git repository (or any of the parent directories): .git
[2022-09-20T11:21:16.024Z] > git rev-parse --show-toplevel [1ms]
[2022-09-20T11:21:16.024Z] fatal: not a git repository (or any of the parent directories): .git
[2022-09-20T11:21:16.028Z] > git rev-parse --show-toplevel [1ms]
[2022-09-20T11:21:16.028Z] fatal: not a git repository (or any of the parent directories): .git
[2022-09-20T11:21:16.032Z] > git rev-parse --show-toplevel [1ms]
[2022-09-20T11:21:16.032Z] fatal: not a git repository (or any of the parent directories): .git
[2022-09-20T11:21:16.037Z] > git rev-parse --show-toplevel [1ms]
[2022-09-20T11:21:16.037Z] fatal: not a git repository (or any of the parent directories): .git
[2022-09-20T11:21:16.041Z] > git rev-parse --show-toplevel [2ms]
[2022-09-20T11:21:16.041Z] fatal: not a git repository (or any of the parent directories): .git
[2022-09-20T11:21:16.044Z] > git rev-parse --show-toplevel [0ms]
[2022-09-20T11:21:16.044Z] fatal: not a git repository (or any of the parent directories): .git
[2022-09-20T11:21:16.049Z] > git rev-parse --show-toplevel [1ms]
[2022-09-20T11:21:16.049Z] fatal: not a git repository (or any of the parent directories): .git
[2022-09-20T11:21:16.056Z] > git rev-parse --show-toplevel [0ms]
[2022-09-20T11:21:16.056Z] fatal: not a git repository (or any of the parent directories): .git
[2022-09-20T11:21:16.060Z] > git rev-parse --show-toplevel [1ms]
[2022-09-20T11:21:16.060Z] fatal: not a git repository (or any of the parent directories): .git
[2022-09-20T11:21:16.064Z] > git rev-parse --show-toplevel [2ms]
[2022-09-20T11:21:16.064Z] fatal: not a git repository (or any of the parent directories): .git
[2022-09-20T11:21:16.067Z] > git rev-parse --show-toplevel [1ms]
[2022-09-20T11:21:16.067Z] fatal: not a git repository (or any of the parent directories): .git
[2022-09-20T11:21:16.071Z] > git rev-parse --show-toplevel [1ms]
[2022-09-20T11:21:16.071Z] fatal: not a git repository (or any of the parent directories): .git
[2022-09-20T11:21:16.075Z] > git rev-parse --show-toplevel [1ms]
[2022-09-20T11:21:16.075Z] fatal: not a git repository (or any of the parent directories): .git
[2022-09-20T11:21:16.080Z] > git rev-parse --show-toplevel [1ms]
[2022-09-20T11:21:16.080Z] fatal: not a git repository (or any of the parent directories): .git
[2022-09-20T11:21:16.084Z] > git rev-parse --show-toplevel [0ms]
[2022-09-20T11:21:16.084Z] fatal: not a git repository (or any of the parent directories): .git
[2022-09-20T11:21:16.088Z] > git rev-parse --show-toplevel [1ms]
[2022-09-20T11:21:16.088Z] fatal: not a git repository (or any of the parent directories): .git
[2022-09-20T11:21:16.092Z] > git rev-parse --show-toplevel [1ms]
[2022-09-20T11:21:16.092Z] fatal: not a git repository (or any of the parent directories): .git
[2022-09-20T11:21:16.098Z] > git rev-parse --show-toplevel [1ms]
[2022-09-20T11:21:16.098Z] fatal: not a git repository (or any of the parent directories): .git
[2022-09-20T11:21:16.102Z] > git rev-parse --show-toplevel [1ms]
[2022-09-20T11:21:16.102Z] fatal: not a git repository (or any of the parent directories): .git
[2022-09-20T11:21:16.111Z] > git rev-parse --show-toplevel [5ms]
[2022-09-20T11:21:16.111Z] fatal: not a git repository (or any of the parent directories): .git
[2022-09-20T11:21:16.116Z] > git rev-parse --show-toplevel [1ms]
[2022-09-20T11:21:16.116Z] fatal: not a git repository (or any of the parent directories): .git
[2022-09-20T11:21:16.120Z] > git rev-parse --show-toplevel [1ms]
[2022-09-20T11:21:16.120Z] fatal: not a git repository (or any of the parent directories): .git
[2022-09-20T11:21:16.129Z] > git rev-parse --show-toplevel [5ms]
[2022-09-20T11:21:16.129Z] fatal: not a git repository (or any of the parent directories): .git
[2022-09-20T11:21:16.133Z] > git rev-parse --show-toplevel [1ms]
[2022-09-20T11:21:16.133Z] fatal: not a git repository (or any of the parent directories): .git
[2022-09-20T11:21:16.138Z] > git rev-parse --show-toplevel [1ms]
[2022-09-20T11:21:16.138Z] fatal: not a git repository (or any of the parent directories): .git
[2022-09-20T11:21:16.141Z] > git rev-parse --show-toplevel [0ms]
[2022-09-20T11:21:16.141Z] fatal: not a git repository (or any of the parent directories): .git
[2022-09-20T11:21:16.145Z] > git rev-parse --show-toplevel [0ms]
[2022-09-20T11:21:16.145Z] fatal: not a git repository (or any of the parent directories): .git
[2022-09-20T11:21:16.150Z] > git rev-parse --show-toplevel [0ms]
[2022-09-20T11:21:16.150Z] fatal: not a git repository (or any of the parent directories): .git
[2022-09-20T11:21:16.155Z] > git rev-parse --show-toplevel [1ms]
[2022-09-20T11:21:16.155Z] fatal: not a git repository (or any of the parent directories): .git
[2022-09-20T11:21:16.159Z] > git rev-parse --show-toplevel [1ms]
[2022-09-20T11:21:16.159Z] fatal: not a git repository (or any of the parent directories): .git
[2022-09-20T11:21:16.163Z] > git rev-parse --show-toplevel [1ms]
[2022-09-20T11:21:16.163Z] fatal: not a git repository (or any of the parent directories): .git
[2022-09-20T11:21:16.167Z] > git rev-parse --show-toplevel [1ms]
[2022-09-20T11:21:16.167Z] fatal: not a git repository (or any of the parent directories): .git
[2022-09-20T11:21:16.171Z] > git rev-parse --show-toplevel [1ms]
[2022-09-20T11:21:16.171Z] fatal: not a git repository (or any of the parent directories): .git
[2022-09-20T11:21:16.175Z] > git rev-parse --show-toplevel [1ms]
[2022-09-20T11:21:16.175Z] fatal: not a git repository (or any of the parent directories): .git
[2022-09-20T11:21:16.178Z] > git rev-parse --show-toplevel [0ms]
[2022-09-20T11:21:16.178Z] fatal: not a git repository (or any of the parent directories): .git
[2022-09-20T11:21:16.182Z] > git rev-parse --show-toplevel [0ms]
[2022-09-20T11:21:16.182Z] fatal: not a git repository (or any of the parent directories): .git
[2022-09-20T11:21:16.186Z] > git rev-parse --show-toplevel [0ms]
[2022-09-20T11:21:16.186Z] fatal: not a git repository (or any of the parent directories): .git
[2022-09-20T11:21:16.190Z] > git rev-parse --show-toplevel [0ms]
[2022-09-20T11:21:16.190Z] fatal: not a git repository (or any of the parent directories): .git
[2022-09-20T11:21:16.194Z] > git rev-parse --show-toplevel [0ms]
[2022-09-20T11:21:16.194Z] fatal: not a git repository (or any of the parent directories): .git
[2022-09-20T11:21:16.197Z] > git rev-parse --show-toplevel [0ms]
[2022-09-20T11:21:16.198Z] fatal: not a git repository (or any of the parent directories): .git
[2022-09-20T11:21:16.201Z] > git rev-parse --show-toplevel [0ms]
[2022-09-20T11:21:16.201Z] fatal: not a git repository (or any of the parent directories): .git
[2022-09-20T11:21:16.206Z] > git rev-parse --show-toplevel [1ms]
[2022-09-20T11:21:16.206Z] fatal: not a git repository (or any of the parent directories): .git
[2022-09-20T11:21:16.210Z] > git rev-parse --show-toplevel [1ms]
[2022-09-20T11:21:16.210Z] fatal: not a git repository (or any of the parent directories): .git
[2022-09-20T11:21:16.214Z] > git rev-parse --show-toplevel [1ms]
[2022-09-20T11:21:16.214Z] fatal: not a git repository (or any of the parent directories): .git
[2022-09-20T11:21:16.218Z] > git rev-parse --show-toplevel [1ms]
[2022-09-20T11:21:16.218Z] fatal: not a git repository (or any of the parent directories): .git
[2022-09-20T11:21:16.222Z] > git rev-parse --show-toplevel [1ms]
[2022-09-20T11:21:16.222Z] fatal: not a git repository (or any of the parent directories): .git
[2022-09-20T11:21:16.227Z] > git rev-parse --show-toplevel [1ms]
[2022-09-20T11:21:16.227Z] fatal: not a git repository (or any of the parent directories): .git
[2022-09-20T11:21:16.231Z] > git rev-parse --show-toplevel [1ms]
[2022-09-20T11:21:16.231Z] fatal: not a git repository (or any of the parent directories): .git
[2022-09-20T11:21:16.235Z] > git rev-parse --show-toplevel [1ms]
[2022-09-20T11:21:16.235Z] fatal: not a git repository (or any of the parent directories): .git
[2022-09-20T11:21:16.240Z] > git rev-parse --show-toplevel [1ms]
[2022-09-20T11:21:16.240Z] fatal: not a git repository (or any of the parent directories): .git
[2022-09-20T11:21:16.244Z] > git rev-parse --show-toplevel [1ms]
[2022-09-20T11:21:16.244Z] fatal: not a git repository (or any of the parent directories): .git
[2022-09-20T11:21:16.249Z] > git rev-parse --show-toplevel [1ms]
[2022-09-20T11:21:16.249Z] fatal: not a git repository (or any of the parent directories): .git
[2022-09-20T11:21:16.266Z] > git rev-parse --show-toplevel [13ms]
[2022-09-20T11:21:16.266Z] fatal: not a git repository (or any of the parent directories): .git
[2022-09-20T11:21:16.276Z] > git rev-parse --show-toplevel [6ms]
[2022-09-20T11:21:16.276Z] fatal: not a git repository (or any of the parent directories): .git
[2022-09-20T11:21:16.281Z] > git rev-parse --show-toplevel [1ms]
[2022-09-20T11:21:16.281Z] fatal: not a git repository (or any of the parent directories): .git
[2022-09-20T11:21:16.285Z] > git rev-parse --show-toplevel [0ms]
[2022-09-20T11:21:16.285Z] fatal: not a git repository (or any of the parent directories): .git
[2022-09-20T11:21:16.297Z] > git rev-parse --show-toplevel [2ms]
[2022-09-20T11:21:16.297Z] fatal: not a git repository (or any of the parent directories): .git
[2022-09-20T11:21:16.301Z] > git rev-parse --show-toplevel [0ms]
[2022-09-20T11:21:16.301Z] fatal: not a git repository (or any of the parent directories): .git
[2022-09-20T11:21:16.306Z] > git rev-parse --show-toplevel [0ms]
[2022-09-20T11:21:16.306Z] fatal: not a git repository (or any of the parent directories): .git
[2022-09-20T11:21:16.311Z] > git rev-parse --show-toplevel [1ms]
[2022-09-20T11:21:16.311Z] fatal: not a git repository (or any of the parent directories): .git
[2022-09-20T11:21:16.316Z] > git rev-parse --show-toplevel [0ms]
[2022-09-20T11:21:16.316Z] fatal: not a git repository (or any of the parent directories): .git
[2022-09-20T11:21:16.321Z] > git rev-parse --show-toplevel [1ms]
[2022-09-20T11:21:16.321Z] fatal: not a git repository (or any of the parent directories): .git
[2022-09-20T11:21:16.325Z] > git rev-parse --show-toplevel [1ms]
[2022-09-20T11:21:16.325Z] fatal: not a git repository (or any of the parent directories): .git
[2022-09-20T11:21:16.329Z] > git rev-parse --show-toplevel [1ms]
[2022-09-20T11:21:16.329Z] fatal: not a git repository (or any of the parent directories): .git
[2022-09-20T11:21:16.334Z] > git rev-parse --show-toplevel [1ms]
[2022-09-20T11:21:16.335Z] fatal: not a git repository (or any of the parent directories): .git
[2022-09-20T11:21:16.339Z] > git rev-parse --show-toplevel [1ms]
[2022-09-20T11:21:16.339Z] fatal: not a git repository (or any of the parent directories): .git
[2022-09-20T11:21:16.344Z] > git rev-parse --show-toplevel [1ms]
[2022-09-20T11:21:16.344Z] fatal: not a git repository (or any of the parent directories): .git
[2022-09-20T11:21:16.349Z] > git rev-parse --show-toplevel [1ms]
[2022-09-20T11:21:16.349Z] fatal: not a git repository (or any of the parent directories): .git
[2022-09-20T11:21:16.353Z] > git rev-parse --show-toplevel [1ms]
[2022-09-20T11:21:16.353Z] fatal: not a git repository (or any of the parent directories): .git
[2022-09-20T11:21:18.672Z] > git rev-parse --show-toplevel [1ms]
[2022-09-20T11:21:18.672Z] fatal: not a git repository (or any of the parent directories): .git
[2022-09-20T11:21:19.670Z] > git rev-parse --show-toplevel [2ms]
[2022-09-20T11:21:19.670Z] fatal: not a git repository (or any of the parent directories): .git
