[2022-09-20T15:14:06.919Z] Log level: Info
[2022-09-20T15:14:06.920Z] [info] Validating found git in: git
[2022-09-20T15:14:07.010Z] [info] Using git 2.37.3 from git
[2022-09-20T15:14:07.023Z] > git rev-parse --show-toplevel [3ms]
[2022-09-20T15:14:07.023Z] fatal: not a git repository (or any of the parent directories): .git
[2022-09-20T15:14:07.029Z] > git rev-parse --show-toplevel [1ms]
[2022-09-20T15:14:07.029Z] fatal: not a git repository (or any of the parent directories): .git
[2022-09-20T15:14:07.315Z] > git rev-parse --show-toplevel [2ms]
[2022-09-20T15:14:07.315Z] fatal: not a git repository (or any of the parent directories): .git
[2022-09-20T15:14:36.050Z] > git rev-parse --show-toplevel [14ms]
[2022-09-20T15:14:36.050Z] fatal: not a git repository (or any of the parent directories): .git
[2022-09-20T15:14:36.901Z] > git rev-parse --show-toplevel [1ms]
[2022-09-20T15:14:36.901Z] fatal: not a git repository (or any of the parent directories): .git
[2022-09-20T15:14:44.197Z] > git rev-parse --show-toplevel [1ms]
[2022-09-20T15:14:44.197Z] fatal: not a git repository (or any of the parent directories): .git
[2022-09-20T15:18:19.512Z] > git rev-parse --show-toplevel [5ms]
[2022-09-20T15:18:19.512Z] fatal: not a git repository (or any of the parent directories): .git
[2022-09-20T15:18:24.902Z] > git rev-parse --show-toplevel [3ms]
[2022-09-20T15:18:24.902Z] fatal: not a git repository (or any of the parent directories): .git
[2022-09-20T15:18:31.717Z] > git rev-parse --show-toplevel [2ms]
[2022-09-20T15:18:31.717Z] fatal: not a git repository (or any of the parent directories): .git
[2022-09-20T15:18:38.058Z] > git rev-parse --show-toplevel [1ms]
[2022-09-20T15:18:38.058Z] fatal: not a git repository (or any of the parent directories): .git
[2022-09-20T15:18:43.820Z] > git rev-parse --show-toplevel [2ms]
[2022-09-20T15:18:43.820Z] fatal: not a git repository (or any of the parent directories): .git
[2022-09-20T15:18:54.852Z] > git rev-parse --show-toplevel [2ms]
[2022-09-20T15:18:54.852Z] fatal: not a git repository (or any of the parent directories): .git
[2022-09-20T15:18:57.474Z] > git rev-parse --show-toplevel [3ms]
[2022-09-20T15:18:57.474Z] fatal: not a git repository (or any of the parent directories): .git
[2022-09-20T15:19:00.726Z] > git rev-parse --show-toplevel [2ms]
[2022-09-20T15:19:00.726Z] fatal: not a git repository (or any of the parent directories): .git
[2022-09-20T15:19:02.992Z] > git rev-parse --show-toplevel [2ms]
[2022-09-20T15:19:02.992Z] fatal: not a git repository (or any of the parent directories): .git
[2022-09-20T15:19:09.395Z] > git rev-parse --show-toplevel [2ms]
[2022-09-20T15:19:09.395Z] fatal: not a git repository (or any of the parent directories): .git
[2022-09-20T15:19:17.960Z] > git rev-parse --show-toplevel [4ms]
[2022-09-20T15:19:17.960Z] fatal: not a git repository (or any of the parent directories): .git
[2022-09-20T15:19:23.219Z] > git rev-parse --show-toplevel [2ms]
[2022-09-20T15:19:23.219Z] fatal: not a git repository (or any of the parent directories): .git
[2022-09-20T15:36:32.661Z] > git rev-parse --show-toplevel [1ms]
[2022-09-20T15:36:32.663Z] fatal: not a git repository (or any of the parent directories): .git
[2022-09-20T15:43:26.480Z] > git rev-parse --show-toplevel [3ms]
[2022-09-20T15:43:26.480Z] fatal: not a git repository (or any of the parent directories): .git
[2022-09-20T15:43:37.233Z] > git rev-parse --show-toplevel [2ms]
[2022-09-20T15:43:37.233Z] fatal: not a git repository (or any of the parent directories): .git
[2022-09-20T15:43:40.477Z] > git rev-parse --show-toplevel [1ms]
[2022-09-20T15:43:40.477Z] fatal: not a git repository (or any of the parent directories): .git
[2022-09-20T16:05:45.870Z] > git rev-parse --show-toplevel [1ms]
[2022-09-20T16:05:45.870Z] fatal: not a git repository (or any of the parent directories): .git
[2022-09-20T16:05:47.609Z] > git rev-parse --show-toplevel [0ms]
[2022-09-20T16:05:47.609Z] fatal: not a git repository (or any of the parent directories): .git
