[2022-09-20T09:10:11.781Z] Log level: Info
[2022-09-20T09:10:11.782Z] [info] Validating found git in: git
[2022-09-20T09:10:11.796Z] [info] Using git 2.37.3 from git
[2022-09-20T09:10:11.815Z] > git rev-parse --show-toplevel [4ms]
[2022-09-20T09:10:11.815Z] fatal: not a git repository (or any of the parent directories): .git
[2022-09-20T09:10:11.824Z] > git rev-parse --show-toplevel [1ms]
[2022-09-20T09:10:11.824Z] fatal: not a git repository (or any of the parent directories): .git
[2022-09-20T09:10:12.142Z] > git rev-parse --show-toplevel [1ms]
[2022-09-20T09:10:12.142Z] fatal: not a git repository (or any of the parent directories): .git
[2022-09-20T09:10:38.404Z] > git rev-parse --show-toplevel [12ms]
[2022-09-20T09:10:38.405Z] fatal: not a git repository (or any of the parent directories): .git
[2022-09-20T09:12:43.226Z] > git rev-parse --show-toplevel [3ms]
[2022-09-20T09:12:43.226Z] fatal: not a git repository (or any of the parent directories): .git
[2022-09-20T09:12:45.756Z] > git rev-parse --show-toplevel [2ms]
[2022-09-20T09:12:45.756Z] fatal: not a git repository (or any of the parent directories): .git
[2022-09-20T09:12:52.242Z] > git rev-parse --show-toplevel [2ms]
[2022-09-20T09:12:52.242Z] fatal: not a git repository (or any of the parent directories): .git
[2022-09-20T09:12:54.511Z] > git rev-parse --show-toplevel [3ms]
[2022-09-20T09:12:54.511Z] fatal: not a git repository (or any of the parent directories): .git
[2022-09-20T09:12:57.334Z] > git rev-parse --show-toplevel [1ms]
[2022-09-20T09:12:57.334Z] fatal: not a git repository (or any of the parent directories): .git
[2022-09-20T09:13:58.125Z] > git rev-parse --show-toplevel [2ms]
[2022-09-20T09:13:58.125Z] fatal: not a git repository (or any of the parent directories): .git
[2022-09-20T09:14:25.873Z] > git rev-parse --show-toplevel [2ms]
[2022-09-20T09:14:25.873Z] fatal: not a git repository (or any of the parent directories): .git
[2022-09-20T09:14:31.022Z] > git rev-parse --show-toplevel [3ms]
[2022-09-20T09:14:31.022Z] fatal: not a git repository (or any of the parent directories): .git
