[2022-09-20T15:48:35.481Z] Log level: Info
[2022-09-20T15:48:35.483Z] [info] Validating found git in: git
[2022-09-20T15:48:35.497Z] [info] Using git 2.37.3 from git
[2022-09-20T15:48:35.516Z] > git rev-parse --show-toplevel [5ms]
[2022-09-20T15:48:35.516Z] fatal: not a git repository (or any of the parent directories): .git
[2022-09-20T15:48:35.523Z] > git rev-parse --show-toplevel [1ms]
[2022-09-20T15:48:35.523Z] fatal: not a git repository (or any of the parent directories): .git
[2022-09-20T15:48:35.530Z] > git rev-parse --show-toplevel [2ms]
[2022-09-20T15:48:35.531Z] fatal: not a git repository (or any of the parent directories): .git
[2022-09-20T15:48:35.537Z] > git rev-parse --show-toplevel [1ms]
[2022-09-20T15:48:35.537Z] fatal: not a git repository (or any of the parent directories): .git
[2022-09-20T15:48:35.542Z] > git rev-parse --show-toplevel [1ms]
[2022-09-20T15:48:35.542Z] fatal: not a git repository (or any of the parent directories): .git
[2022-09-20T15:48:35.549Z] > git rev-parse --show-toplevel [2ms]
[2022-09-20T15:48:35.550Z] fatal: not a git repository (or any of the parent directories): .git
[2022-09-20T15:48:35.555Z] > git rev-parse --show-toplevel [0ms]
[2022-09-20T15:48:35.555Z] fatal: not a git repository (or any of the parent directories): .git
[2022-09-20T15:48:35.560Z] > git rev-parse --show-toplevel [1ms]
[2022-09-20T15:48:35.560Z] fatal: not a git repository (or any of the parent directories): .git
[2022-09-20T15:48:35.567Z] > git rev-parse --show-toplevel [0ms]
[2022-09-20T15:48:35.567Z] fatal: not a git repository (or any of the parent directories): .git
[2022-09-20T15:48:35.573Z] > git rev-parse --show-toplevel [1ms]
[2022-09-20T15:48:35.573Z] fatal: not a git repository (or any of the parent directories): .git
[2022-09-20T15:48:35.579Z] > git rev-parse --show-toplevel [0ms]
[2022-09-20T15:48:35.579Z] fatal: not a git repository (or any of the parent directories): .git
[2022-09-20T15:48:35.585Z] > git rev-parse --show-toplevel [1ms]
[2022-09-20T15:48:35.585Z] fatal: not a git repository (or any of the parent directories): .git
[2022-09-20T15:48:35.591Z] > git rev-parse --show-toplevel [1ms]
[2022-09-20T15:48:35.591Z] fatal: not a git repository (or any of the parent directories): .git
[2022-09-20T15:48:35.597Z] > git rev-parse --show-toplevel [1ms]
[2022-09-20T15:48:35.597Z] fatal: not a git repository (or any of the parent directories): .git
[2022-09-20T15:48:35.619Z] > git rev-parse --show-toplevel [15ms]
[2022-09-20T15:48:35.619Z] fatal: not a git repository (or any of the parent directories): .git
[2022-09-20T15:48:35.624Z] > git rev-parse --show-toplevel [1ms]
[2022-09-20T15:48:35.624Z] fatal: not a git repository (or any of the parent directories): .git
[2022-09-20T15:48:35.629Z] > git rev-parse --show-toplevel [1ms]
[2022-09-20T15:48:35.629Z] fatal: not a git repository (or any of the parent directories): .git
[2022-09-20T15:48:35.634Z] > git rev-parse --show-toplevel [0ms]
[2022-09-20T15:48:35.634Z] fatal: not a git repository (or any of the parent directories): .git
[2022-09-20T15:48:35.638Z] > git rev-parse --show-toplevel [1ms]
[2022-09-20T15:48:35.638Z] fatal: not a git repository (or any of the parent directories): .git
[2022-09-20T15:48:35.643Z] > git rev-parse --show-toplevel [1ms]
[2022-09-20T15:48:35.643Z] fatal: not a git repository (or any of the parent directories): .git
[2022-09-20T15:48:35.647Z] > git rev-parse --show-toplevel [0ms]
[2022-09-20T15:48:35.647Z] fatal: not a git repository (or any of the parent directories): .git
[2022-09-20T15:48:35.653Z] > git rev-parse --show-toplevel [1ms]
[2022-09-20T15:48:35.653Z] fatal: not a git repository (or any of the parent directories): .git
[2022-09-20T15:48:35.657Z] > git rev-parse --show-toplevel [0ms]
[2022-09-20T15:48:35.657Z] fatal: not a git repository (or any of the parent directories): .git
[2022-09-20T15:48:35.662Z] > git rev-parse --show-toplevel [1ms]
[2022-09-20T15:48:35.662Z] fatal: not a git repository (or any of the parent directories): .git
[2022-09-20T15:48:35.668Z] > git rev-parse --show-toplevel [1ms]
[2022-09-20T15:48:35.668Z] fatal: not a git repository (or any of the parent directories): .git
[2022-09-20T15:48:35.672Z] > git rev-parse --show-toplevel [1ms]
[2022-09-20T15:48:35.672Z] fatal: not a git repository (or any of the parent directories): .git
[2022-09-20T15:48:35.676Z] > git rev-parse --show-toplevel [1ms]
[2022-09-20T15:48:35.676Z] fatal: not a git repository (or any of the parent directories): .git
[2022-09-20T15:48:35.681Z] > git rev-parse --show-toplevel [1ms]
[2022-09-20T15:48:35.681Z] fatal: not a git repository (or any of the parent directories): .git
[2022-09-20T15:48:45.141Z] > git rev-parse --show-toplevel [1ms]
[2022-09-20T15:48:45.141Z] fatal: not a git repository (or any of the parent directories): .git
