[2022-09-20T15:30:50.307Z] Log level: Info
[2022-09-20T15:30:50.308Z] [info] Validating found git in: git
[2022-09-20T15:30:50.318Z] [info] Using git 2.37.3 from git
[2022-09-20T15:30:50.334Z] > git rev-parse --show-toplevel [4ms]
[2022-09-20T15:30:50.335Z] fatal: not a git repository (or any of the parent directories): .git
[2022-09-20T15:31:14.992Z] > git rev-parse --show-toplevel [2ms]
[2022-09-20T15:31:14.992Z] fatal: not a git repository (or any of the parent directories): .git
[2022-09-20T15:31:53.197Z] > git rev-parse --show-toplevel [2ms]
[2022-09-20T15:31:53.197Z] fatal: not a git repository (or any of the parent directories): .git
[2022-09-20T15:32:55.743Z] > git rev-parse --show-toplevel [4ms]
[2022-09-20T15:32:55.743Z] fatal: not a git repository (or any of the parent directories): .git
[2022-09-20T15:33:18.625Z] > git rev-parse --show-toplevel [5ms]
[2022-09-20T15:33:18.625Z] fatal: not a git repository (or any of the parent directories): .git
[2022-09-20T15:33:33.911Z] > git rev-parse --show-toplevel [2ms]
[2022-09-20T15:33:33.911Z] fatal: not a git repository (or any of the parent directories): .git
[2022-09-20T15:33:36.870Z] > git rev-parse --show-toplevel [2ms]
[2022-09-20T15:33:36.870Z] fatal: not a git repository (or any of the parent directories): .git
[2022-09-20T15:33:39.523Z] > git rev-parse --show-toplevel [4ms]
[2022-09-20T15:33:39.523Z] fatal: not a git repository (or any of the parent directories): .git
[2022-09-20T15:33:42.058Z] > git rev-parse --show-toplevel [3ms]
[2022-09-20T15:33:42.058Z] fatal: not a git repository (or any of the parent directories): .git
[2022-09-20T15:33:44.567Z] > git rev-parse --show-toplevel [2ms]
[2022-09-20T15:33:44.567Z] fatal: not a git repository (or any of the parent directories): .git
[2022-09-20T15:33:46.295Z] > git rev-parse --show-toplevel [2ms]
[2022-09-20T15:33:46.295Z] fatal: not a git repository (or any of the parent directories): .git
[2022-09-20T15:33:47.268Z] > git rev-parse --show-toplevel [2ms]
[2022-09-20T15:33:47.268Z] fatal: not a git repository (or any of the parent directories): .git
[2022-09-20T15:34:02.820Z] > git rev-parse --show-toplevel [2ms]
[2022-09-20T15:34:02.820Z] fatal: not a git repository (or any of the parent directories): .git
[2022-09-20T15:34:10.537Z] > git rev-parse --show-toplevel [2ms]
[2022-09-20T15:34:10.537Z] fatal: not a git repository (or any of the parent directories): .git
[2022-09-20T15:34:13.225Z] > git rev-parse --show-toplevel [1ms]
[2022-09-20T15:34:13.225Z] fatal: not a git repository (or any of the parent directories): .git
[2022-09-20T15:36:32.642Z] > git rev-parse --show-toplevel [2ms]
[2022-09-20T15:36:32.642Z] fatal: not a git repository (or any of the parent directories): .git
