[2022-09-20 11:40:54.874] [exthost] [info] Extension host with pid 5356 started
[2022-09-20 11:40:54.874] [exthost] [info] Skipping acquiring lock for /home/turbobato/.config/Code - OSS/User/workspaceStorage/4116f390580fab0f02e9196d084c367c.
[2022-09-20 11:40:55.016] [exthost] [info] ExtensionService#_doActivateExtension vscode.debug-auto-launch, startup: true, activationEvent: '*'
[2022-09-20 11:40:55.020] [exthost] [info] ExtensionService#_doActivateExtension vscode.git-base, startup: true, activationEvent: '*', root cause: vscode.git
[2022-09-20 11:40:55.023] [exthost] [info] ExtensionService#_doActivateExtension vscode.ipynb, startup: true, activationEvent: '*'
[2022-09-20 11:40:55.053] [exthost] [info] ExtensionService#_doActivateExtension vscode.git, startup: true, activationEvent: '*'
[2022-09-20 11:40:55.073] [exthost] [info] ExtensionService#_doActivateExtension vscode.github, startup: true, activationEvent: '*'
[2022-09-20 11:40:55.246] [exthost] [info] Eager extensions activated
[2022-09-20 11:40:55.298] [exthost] [info] ExtensionService#_doActivateExtension vscode.emmet, startup: false, activationEvent: 'onStartupFinished'
[2022-09-20 11:40:55.305] [exthost] [info] ExtensionService#_doActivateExtension vscode.merge-conflict, startup: false, activationEvent: 'onStartupFinished'
[2022-09-20 11:41:03.498] [exthost] [info] ExtensionService#_doActivateExtension vscode.configuration-editing, startup: false, activationEvent: 'onLanguage:jsonc'
[2022-09-20 11:41:03.503] [exthost] [info] ExtensionService#_doActivateExtension vscode.json-language-features, startup: false, activationEvent: 'onLanguage:jsonc'
[2022-09-20 11:41:03.533] [exthost] [info] ExtensionService#_doActivateExtension vscode.typescript-language-features, startup: false, activationEvent: 'onLanguage:jsonc'
[2022-09-20 11:42:15.741] [exthost] [info] Extension host terminating: received terminate message from renderer
[2022-09-20 11:42:15.759] [exthost] [info] Extension host with pid 5356 exiting with code 0
[2022-09-20 11:42:18.148] [exthost] [info] Extension host with pid 5545 started
[2022-09-20 11:42:18.148] [exthost] [info] Skipping acquiring lock for /home/turbobato/.config/Code - OSS/User/workspaceStorage/db10395944b83e8f5fda21f2bc723b6d.
[2022-09-20 11:42:18.249] [exthost] [info] ExtensionService#_doActivateExtension vscode.debug-auto-launch, startup: true, activationEvent: '*'
[2022-09-20 11:42:18.253] [exthost] [info] ExtensionService#_doActivateExtension vscode.git-base, startup: true, activationEvent: '*', root cause: vscode.git
[2022-09-20 11:42:18.256] [exthost] [info] ExtensionService#_doActivateExtension vscode.ipynb, startup: true, activationEvent: '*'
[2022-09-20 11:42:18.281] [exthost] [info] ExtensionService#_doActivateExtension vscode.git, startup: true, activationEvent: '*'
[2022-09-20 11:42:18.300] [exthost] [info] ExtensionService#_doActivateExtension vscode.github, startup: true, activationEvent: '*'
[2022-09-20 11:42:18.370] [exthost] [info] Eager extensions activated
[2022-09-20 11:42:18.416] [exthost] [info] ExtensionService#_doActivateExtension vscode.emmet, startup: false, activationEvent: 'onStartupFinished'
[2022-09-20 11:42:18.422] [exthost] [info] ExtensionService#_doActivateExtension vscode.merge-conflict, startup: false, activationEvent: 'onStartupFinished'
[2022-09-20 11:46:48.664] [exthost] [info] ExtensionService#_doActivateExtension vscode.configuration-editing, startup: false, activationEvent: 'onLanguage:jsonc'
[2022-09-20 11:46:48.669] [exthost] [info] ExtensionService#_doActivateExtension vscode.json-language-features, startup: false, activationEvent: 'onLanguage:jsonc'
[2022-09-20 11:46:48.712] [exthost] [info] ExtensionService#_doActivateExtension vscode.typescript-language-features, startup: false, activationEvent: 'onLanguage:jsonc'
