[2022-09-20T08:27:41.967Z] Log level: Info
[2022-09-20T08:27:41.968Z] [info] Validating found git in: git
[2022-09-20T08:27:41.977Z] [info] Using git 2.37.3 from git
[2022-09-20T08:27:41.989Z] > git rev-parse --show-toplevel [4ms]
[2022-09-20T08:27:41.995Z] > git rev-parse --git-dir --git-common-dir [1ms]
[2022-09-20T08:27:42.003Z] [info] Open repository: /home/turbobato/utils/dotfiles
[2022-09-20T08:27:42.024Z] > git status -z -uall [15ms]
[2022-09-20T08:27:42.030Z] > git symbolic-ref --short HEAD [1ms]
[2022-09-20T08:27:42.041Z] > git for-each-ref --format=%(refname)%00%(upstream:short)%00%(objectname)%00%(upstream:track)%00%(upstream:remotename)%00%(upstream:remoteref) refs/heads/main refs/remotes/main [7ms]
[2022-09-20T08:27:42.050Z] > git remote --verbose [3ms]
[2022-09-20T08:27:42.050Z] > git for-each-ref --sort -committerdate --format %(refname) %(objectname) %(*objectname) [6ms]
[2022-09-20T08:27:42.058Z] > git config --get commit.template [2ms]
[2022-09-20T08:27:42.065Z] > git status -z -uall [2ms]
[2022-09-20T08:27:42.073Z] > git symbolic-ref --short HEAD [4ms]
[2022-09-20T08:27:42.078Z] > git for-each-ref --format=%(refname)%00%(upstream:short)%00%(objectname)%00%(upstream:track)%00%(upstream:remotename)%00%(upstream:remoteref) refs/heads/main refs/remotes/main [2ms]
[2022-09-20T08:27:42.086Z] > git for-each-ref --sort -committerdate --format %(refname) %(objectname) %(*objectname) [4ms]
[2022-09-20T08:27:42.087Z] > git remote --verbose [2ms]
[2022-09-20T08:27:42.092Z] > git config --get commit.template [1ms]
[2022-09-20T08:27:42.521Z] > git check-ignore -v -z --stdin [3ms]
[2022-09-20T08:27:43.172Z] > git show --textconv :install_scripts/install.sh [5ms]
[2022-09-20T08:27:43.173Z] > git ls-files --stage -- /home/turbobato/utils/dotfiles/install_scripts/install.sh [2ms]
[2022-09-20T08:27:43.179Z] > git cat-file -s a7dde054a4aa3afdb420f405798e03dc665d617d [2ms]
[2022-09-20T08:33:14.292Z] > git status -z -uall [2ms]
[2022-09-20T08:33:14.296Z] > git symbolic-ref --short HEAD [0ms]
[2022-09-20T08:33:14.301Z] > git for-each-ref --format=%(refname)%00%(upstream:short)%00%(objectname)%00%(upstream:track)%00%(upstream:remotename)%00%(upstream:remoteref) refs/heads/main refs/remotes/main [0ms]
[2022-09-20T08:33:14.310Z] > git remote --verbose [1ms]
[2022-09-20T08:33:14.311Z] > git for-each-ref --sort -committerdate --format %(refname) %(objectname) %(*objectname) [6ms]
[2022-09-20T08:33:14.317Z] > git config --get commit.template [1ms]
