[2022-09-20 10:23:57.725] [exthost] [info] Extension host with pid 1757 started
[2022-09-20 10:23:57.725] [exthost] [info] Skipping acquiring lock for /home/turbobato/.config/Code - OSS/User/workspaceStorage/8da90c854dc295d065d7ce165de642ba.
[2022-09-20 10:23:57.785] [exthost] [info] ExtensionService#_doActivateExtension vscode.debug-auto-launch, startup: true, activationEvent: '*'
[2022-09-20 10:23:57.823] [exthost] [info] ExtensionService#_doActivateExtension vscode.git-base, startup: true, activationEvent: '*', root cause: vscode.git
[2022-09-20 10:23:57.862] [exthost] [info] ExtensionService#_doActivateExtension vscode.ipynb, startup: true, activationEvent: '*'
[2022-09-20 10:23:57.909] [exthost] [info] ExtensionService#_doActivateExtension vscode.git, startup: true, activationEvent: '*'
[2022-09-20 10:23:57.981] [exthost] [info] ExtensionService#_doActivateExtension vscode.github, startup: true, activationEvent: '*'
[2022-09-20 10:23:58.170] [exthost] [info] Eager extensions activated
[2022-09-20 10:23:58.186] [exthost] [info] ExtensionService#_doActivateExtension vscode.emmet, startup: false, activationEvent: 'onStartupFinished'
[2022-09-20 10:23:58.222] [exthost] [info] ExtensionService#_doActivateExtension vscode.merge-conflict, startup: false, activationEvent: 'onStartupFinished'
[2022-09-20 10:25:43.605] [exthost] [info] ExtensionService#_doActivateExtension vscode.simple-browser, startup: false, activationEvent: 'onOpenExternalUri:https'
[2022-09-20 10:27:39.718] [exthost] [info] Extension host terminating: received terminate message from renderer
[2022-09-20 10:27:39.724] [exthost] [info] Extension host with pid 1757 exiting with code 0
[2022-09-20 10:27:41.830] [exthost] [info] Extension host with pid 2410 started
[2022-09-20 10:27:41.830] [exthost] [info] Skipping acquiring lock for /home/turbobato/.config/Code - OSS/User/workspaceStorage/bee8349c018d9b9d562c38995b37b215.
[2022-09-20 10:27:41.909] [exthost] [info] ExtensionService#_doActivateExtension vscode.debug-auto-launch, startup: true, activationEvent: '*'
[2022-09-20 10:27:41.912] [exthost] [info] ExtensionService#_doActivateExtension vscode.git-base, startup: true, activationEvent: '*', root cause: vscode.git
[2022-09-20 10:27:41.915] [exthost] [info] ExtensionService#_doActivateExtension vscode.ipynb, startup: true, activationEvent: '*'
[2022-09-20 10:27:41.941] [exthost] [info] ExtensionService#_doActivateExtension vscode.git, startup: true, activationEvent: '*'
[2022-09-20 10:27:41.953] [exthost] [info] ExtensionService#_doActivateExtension vscode.github, startup: true, activationEvent: '*'
[2022-09-20 10:27:41.986] [exthost] [info] Eager extensions activated
[2022-09-20 10:27:42.014] [exthost] [info] ExtensionService#_doActivateExtension vscode.emmet, startup: false, activationEvent: 'onStartupFinished'
[2022-09-20 10:27:42.020] [exthost] [info] ExtensionService#_doActivateExtension vscode.merge-conflict, startup: false, activationEvent: 'onStartupFinished'
[2022-09-20 10:33:51.347] [exthost] [info] Extension host terminating: received terminate message from renderer
[2022-09-20 10:33:51.354] [exthost] [info] Extension host with pid 2410 exiting with code 0
[2022-09-20 10:33:53.623] [exthost] [info] Extension host with pid 7750 started
[2022-09-20 10:33:53.623] [exthost] [info] Skipping acquiring lock for /home/turbobato/.config/Code - OSS/User/workspaceStorage/8da90c854dc295d065d7ce165de642ba.
[2022-09-20 10:33:53.728] [exthost] [info] ExtensionService#_doActivateExtension vscode.debug-auto-launch, startup: true, activationEvent: '*'
[2022-09-20 10:33:53.731] [exthost] [info] ExtensionService#_doActivateExtension vscode.git-base, startup: true, activationEvent: '*', root cause: vscode.git
[2022-09-20 10:33:53.734] [exthost] [info] ExtensionService#_doActivateExtension vscode.ipynb, startup: true, activationEvent: '*'
[2022-09-20 10:33:53.794] [exthost] [info] ExtensionService#_doActivateExtension vscode.git, startup: true, activationEvent: '*'
[2022-09-20 10:33:53.809] [exthost] [info] ExtensionService#_doActivateExtension vscode.github, startup: true, activationEvent: '*'
[2022-09-20 10:33:54.045] [exthost] [info] Eager extensions activated
[2022-09-20 10:33:54.092] [exthost] [info] ExtensionService#_doActivateExtension vscode.emmet, startup: false, activationEvent: 'onStartupFinished'
[2022-09-20 10:33:54.100] [exthost] [info] ExtensionService#_doActivateExtension vscode.merge-conflict, startup: false, activationEvent: 'onStartupFinished'
[2022-09-20 10:42:48.545] [exthost] [info] Extension host terminating: received terminate message from renderer
[2022-09-20 10:42:48.550] [exthost] [info] Extension host with pid 7750 exiting with code 0
[2022-09-20 10:42:50.645] [exthost] [info] Extension host with pid 8769 started
[2022-09-20 10:42:50.645] [exthost] [info] Skipping acquiring lock for /home/turbobato/.config/Code - OSS/User/workspaceStorage/b8a55bd45b61c54e8fa61a583b6cfcec.
[2022-09-20 10:42:50.747] [exthost] [info] ExtensionService#_doActivateExtension vscode.debug-auto-launch, startup: true, activationEvent: '*'
[2022-09-20 10:42:50.750] [exthost] [info] ExtensionService#_doActivateExtension vscode.git-base, startup: true, activationEvent: '*', root cause: vscode.git
[2022-09-20 10:42:50.753] [exthost] [info] ExtensionService#_doActivateExtension vscode.ipynb, startup: true, activationEvent: '*'
[2022-09-20 10:42:50.781] [exthost] [info] ExtensionService#_doActivateExtension vscode.git, startup: true, activationEvent: '*'
[2022-09-20 10:42:50.795] [exthost] [info] ExtensionService#_doActivateExtension vscode.github, startup: true, activationEvent: '*'
[2022-09-20 10:42:50.829] [exthost] [info] Eager extensions activated
[2022-09-20 10:42:50.843] [exthost] [info] ExtensionService#_doActivateExtension vscode.emmet, startup: false, activationEvent: 'onStartupFinished'
[2022-09-20 10:42:50.848] [exthost] [info] ExtensionService#_doActivateExtension vscode.merge-conflict, startup: false, activationEvent: 'onStartupFinished'
[2022-09-20 10:45:23.995] [exthost] [info] Extension host terminating: received terminate message from renderer
[2022-09-20 10:45:24.003] [exthost] [info] Extension host with pid 8769 exiting with code 0
[2022-09-20 10:45:26.092] [exthost] [info] Extension host with pid 9009 started
[2022-09-20 10:45:26.092] [exthost] [info] Skipping acquiring lock for /home/turbobato/.config/Code - OSS/User/workspaceStorage/4116f390580fab0f02e9196d084c367c.
[2022-09-20 10:45:26.216] [exthost] [info] ExtensionService#_doActivateExtension vscode.debug-auto-launch, startup: true, activationEvent: '*'
[2022-09-20 10:45:26.220] [exthost] [info] ExtensionService#_doActivateExtension vscode.git-base, startup: true, activationEvent: '*', root cause: vscode.git
[2022-09-20 10:45:26.223] [exthost] [info] ExtensionService#_doActivateExtension vscode.ipynb, startup: true, activationEvent: '*'
[2022-09-20 10:45:26.296] [exthost] [info] ExtensionService#_doActivateExtension vscode.git, startup: true, activationEvent: '*'
[2022-09-20 10:45:26.314] [exthost] [info] ExtensionService#_doActivateExtension vscode.github, startup: true, activationEvent: '*'
[2022-09-20 10:45:26.348] [exthost] [info] Eager extensions activated
[2022-09-20 10:45:26.368] [exthost] [info] ExtensionService#_doActivateExtension vscode.emmet, startup: false, activationEvent: 'onStartupFinished'
[2022-09-20 10:45:26.374] [exthost] [info] ExtensionService#_doActivateExtension vscode.merge-conflict, startup: false, activationEvent: 'onStartupFinished'
[2022-09-20 11:08:28.522] [exthost] [info] ExtensionService#_doActivateExtension vscode.configuration-editing, startup: false, activationEvent: 'onLanguage:jsonc'
[2022-09-20 11:08:28.530] [exthost] [info] ExtensionService#_doActivateExtension vscode.json-language-features, startup: false, activationEvent: 'onLanguage:jsonc'
[2022-09-20 11:08:28.560] [exthost] [info] ExtensionService#_doActivateExtension vscode.typescript-language-features, startup: false, activationEvent: 'onLanguage:jsonc'
[2022-09-20 11:10:02.643] [exthost] [info] Extension host terminating: received terminate message from renderer
[2022-09-20 11:10:02.667] [exthost] [info] Extension host with pid 9009 exiting with code 0
