[2022-09-20 11:15:52.179] [exthost] [info] Extension host with pid 1774 started
[2022-09-20 11:15:52.179] [exthost] [info] Skipping acquiring lock for /home/turbobato/.config/Code - OSS/User/workspaceStorage/8da90c854dc295d065d7ce165de642ba.
[2022-09-20 11:15:52.269] [exthost] [info] ExtensionService#_doActivateExtension vscode.debug-auto-launch, startup: true, activationEvent: '*'
[2022-09-20 11:15:52.309] [exthost] [info] ExtensionService#_doActivateExtension vscode.git-base, startup: true, activationEvent: '*', root cause: vscode.git
[2022-09-20 11:15:52.348] [exthost] [info] ExtensionService#_doActivateExtension vscode.ipynb, startup: true, activationEvent: '*'
[2022-09-20 11:15:52.415] [exthost] [info] ExtensionService#_doActivateExtension vscode.git, startup: true, activationEvent: '*'
[2022-09-20 11:15:52.492] [exthost] [info] ExtensionService#_doActivateExtension vscode.github, startup: true, activationEvent: '*'
[2022-09-20 11:15:52.631] [exthost] [info] Eager extensions activated
[2022-09-20 11:15:52.637] [exthost] [info] ExtensionService#_doActivateExtension vscode.emmet, startup: false, activationEvent: 'onStartupFinished'
[2022-09-20 11:15:52.679] [exthost] [info] ExtensionService#_doActivateExtension vscode.merge-conflict, startup: false, activationEvent: 'onStartupFinished'
[2022-09-20 11:22:56.825] [exthost] [info] Extension host terminating: received terminate message from renderer
[2022-09-20 11:22:56.831] [exthost] [info] Extension host with pid 1774 exiting with code 0
[2022-09-20 11:22:58.915] [exthost] [info] Extension host with pid 3003 started
[2022-09-20 11:22:58.915] [exthost] [info] Skipping acquiring lock for /home/turbobato/.config/Code - OSS/User/workspaceStorage/d36b67729d2b12756dba31c133457012.
[2022-09-20 11:22:59.048] [exthost] [info] ExtensionService#_doActivateExtension vscode.debug-auto-launch, startup: true, activationEvent: '*'
[2022-09-20 11:22:59.051] [exthost] [info] ExtensionService#_doActivateExtension vscode.git-base, startup: true, activationEvent: '*'
[2022-09-20 11:22:59.053] [exthost] [info] ExtensionService#_doActivateExtension vscode.ipynb, startup: true, activationEvent: '*'
[2022-09-20 11:22:59.069] [exthost] [info] ExtensionService#_doActivateExtension vscode.github, startup: true, activationEvent: '*'
[2022-09-20 11:22:59.144] [exthost] [info] Eager extensions activated
[2022-09-20 11:22:59.152] [exthost] [info] ExtensionService#_doActivateExtension vscode.emmet, startup: false, activationEvent: 'onStartupFinished'
[2022-09-20 11:22:59.157] [exthost] [info] ExtensionService#_doActivateExtension vscode.merge-conflict, startup: false, activationEvent: 'onStartupFinished'
[2022-09-20 11:22:59.672] [exthost] [info] ExtensionService#_doActivateExtension vscode.git, startup: false, activationEvent: 'api', root cause: vscode.github
[2022-09-20 11:23:30.945] [exthost] [info] Extension host terminating: received terminate message from renderer
[2022-09-20 11:23:30.952] [exthost] [info] Extension host with pid 3003 exiting with code 0
[2022-09-20 11:23:32.982] [exthost] [info] Extension host with pid 3072 started
[2022-09-20 11:23:32.982] [exthost] [info] Skipping acquiring lock for /home/turbobato/.config/Code - OSS/User/workspaceStorage/8da90c854dc295d065d7ce165de642ba.
[2022-09-20 11:23:33.113] [exthost] [info] ExtensionService#_doActivateExtension vscode.debug-auto-launch, startup: true, activationEvent: '*'
[2022-09-20 11:23:33.116] [exthost] [info] ExtensionService#_doActivateExtension vscode.git-base, startup: true, activationEvent: '*', root cause: vscode.git
[2022-09-20 11:23:33.118] [exthost] [info] ExtensionService#_doActivateExtension vscode.ipynb, startup: true, activationEvent: '*'
[2022-09-20 11:23:33.157] [exthost] [info] ExtensionService#_doActivateExtension vscode.git, startup: true, activationEvent: '*'
[2022-09-20 11:23:33.174] [exthost] [info] ExtensionService#_doActivateExtension vscode.github, startup: true, activationEvent: '*'
[2022-09-20 11:23:33.376] [exthost] [info] Eager extensions activated
[2022-09-20 11:23:33.418] [exthost] [info] ExtensionService#_doActivateExtension vscode.emmet, startup: false, activationEvent: 'onStartupFinished'
[2022-09-20 11:23:33.426] [exthost] [info] ExtensionService#_doActivateExtension vscode.merge-conflict, startup: false, activationEvent: 'onStartupFinished'
[2022-09-20 11:24:34.847] [exthost] [info] Extension host terminating: received terminate message from renderer
[2022-09-20 11:24:34.854] [exthost] [info] Extension host with pid 3072 exiting with code 0
[2022-09-20 11:24:37.159] [exthost] [info] Extension host with pid 3181 started
[2022-09-20 11:24:37.159] [exthost] [info] Skipping acquiring lock for /home/turbobato/.config/Code - OSS/User/workspaceStorage/4116f390580fab0f02e9196d084c367c.
[2022-09-20 11:24:37.260] [exthost] [info] ExtensionService#_doActivateExtension vscode.debug-auto-launch, startup: true, activationEvent: '*'
[2022-09-20 11:24:37.263] [exthost] [info] ExtensionService#_doActivateExtension vscode.git-base, startup: true, activationEvent: '*', root cause: vscode.git
[2022-09-20 11:24:37.266] [exthost] [info] ExtensionService#_doActivateExtension vscode.ipynb, startup: true, activationEvent: '*'
[2022-09-20 11:24:37.369] [exthost] [info] ExtensionService#_doActivateExtension vscode.git, startup: true, activationEvent: '*'
[2022-09-20 11:24:37.388] [exthost] [info] ExtensionService#_doActivateExtension vscode.github, startup: true, activationEvent: '*'
[2022-09-20 11:24:37.423] [exthost] [info] Eager extensions activated
[2022-09-20 11:24:37.470] [exthost] [info] ExtensionService#_doActivateExtension vscode.emmet, startup: false, activationEvent: 'onStartupFinished'
[2022-09-20 11:24:37.480] [exthost] [info] ExtensionService#_doActivateExtension vscode.merge-conflict, startup: false, activationEvent: 'onStartupFinished'
[2022-09-20 11:27:02.518] [exthost] [info] Extension host terminating: received terminate message from renderer
[2022-09-20 11:27:02.529] [exthost] [info] Extension host with pid 3181 exiting with code 0
[2022-09-20 11:27:04.577] [exthost] [info] Extension host with pid 3530 started
[2022-09-20 11:27:04.577] [exthost] [info] Skipping acquiring lock for /home/turbobato/.config/Code - OSS/User/workspaceStorage/8da90c854dc295d065d7ce165de642ba.
[2022-09-20 11:27:04.746] [exthost] [info] ExtensionService#_doActivateExtension vscode.debug-auto-launch, startup: true, activationEvent: '*'
[2022-09-20 11:27:04.749] [exthost] [info] ExtensionService#_doActivateExtension vscode.git-base, startup: true, activationEvent: '*', root cause: vscode.git
[2022-09-20 11:27:04.751] [exthost] [info] ExtensionService#_doActivateExtension vscode.ipynb, startup: true, activationEvent: '*'
[2022-09-20 11:27:04.811] [exthost] [info] ExtensionService#_doActivateExtension vscode.git, startup: true, activationEvent: '*'
[2022-09-20 11:27:04.829] [exthost] [info] ExtensionService#_doActivateExtension vscode.github, startup: true, activationEvent: '*'
[2022-09-20 11:27:05.004] [exthost] [info] Eager extensions activated
[2022-09-20 11:27:05.020] [exthost] [info] ExtensionService#_doActivateExtension vscode.emmet, startup: false, activationEvent: 'onStartupFinished'
[2022-09-20 11:27:05.026] [exthost] [info] ExtensionService#_doActivateExtension vscode.merge-conflict, startup: false, activationEvent: 'onStartupFinished'
[2022-09-20 11:28:36.180] [exthost] [info] Extension host terminating: received terminate message from renderer
[2022-09-20 11:28:36.190] [exthost] [info] Extension host with pid 3530 exiting with code 0
[2022-09-20 11:28:38.707] [exthost] [info] Extension host with pid 3737 started
[2022-09-20 11:28:38.707] [exthost] [info] Skipping acquiring lock for /home/turbobato/.config/Code - OSS/User/workspaceStorage/db10395944b83e8f5fda21f2bc723b6d.
[2022-09-20 11:28:38.867] [exthost] [info] ExtensionService#_doActivateExtension vscode.debug-auto-launch, startup: true, activationEvent: '*'
[2022-09-20 11:28:38.871] [exthost] [info] ExtensionService#_doActivateExtension vscode.git-base, startup: true, activationEvent: '*'
[2022-09-20 11:28:38.874] [exthost] [info] ExtensionService#_doActivateExtension vscode.ipynb, startup: true, activationEvent: '*'
[2022-09-20 11:28:38.896] [exthost] [info] ExtensionService#_doActivateExtension vscode.github, startup: true, activationEvent: '*'
[2022-09-20 11:28:38.917] [exthost] [info] Eager extensions activated
[2022-09-20 11:28:38.964] [exthost] [info] ExtensionService#_doActivateExtension vscode.emmet, startup: false, activationEvent: 'onStartupFinished'
[2022-09-20 11:28:38.971] [exthost] [info] ExtensionService#_doActivateExtension vscode.merge-conflict, startup: false, activationEvent: 'onStartupFinished'
[2022-09-20 11:28:39.131] [exthost] [info] ExtensionService#_doActivateExtension vscode.git, startup: false, activationEvent: 'api', root cause: vscode.github
[2022-09-20 11:29:43.343] [exthost] [info] Extension host terminating: received terminate message from renderer
[2022-09-20 11:29:43.350] [exthost] [info] Extension host with pid 3737 exiting with code 0
[2022-09-20 11:29:45.858] [exthost] [info] Extension host with pid 3907 started
[2022-09-20 11:29:45.858] [exthost] [info] Skipping acquiring lock for /home/turbobato/.config/Code - OSS/User/workspaceStorage/4116f390580fab0f02e9196d084c367c.
[2022-09-20 11:29:45.965] [exthost] [info] ExtensionService#_doActivateExtension vscode.debug-auto-launch, startup: true, activationEvent: '*'
[2022-09-20 11:29:45.969] [exthost] [info] ExtensionService#_doActivateExtension vscode.git-base, startup: true, activationEvent: '*', root cause: vscode.git
[2022-09-20 11:29:45.972] [exthost] [info] ExtensionService#_doActivateExtension vscode.ipynb, startup: true, activationEvent: '*'
[2022-09-20 11:29:46.006] [exthost] [info] ExtensionService#_doActivateExtension vscode.git, startup: true, activationEvent: '*'
[2022-09-20 11:29:46.025] [exthost] [info] ExtensionService#_doActivateExtension vscode.github, startup: true, activationEvent: '*'
[2022-09-20 11:29:46.066] [exthost] [info] Eager extensions activated
[2022-09-20 11:29:46.118] [exthost] [info] ExtensionService#_doActivateExtension vscode.emmet, startup: false, activationEvent: 'onStartupFinished'
[2022-09-20 11:29:46.123] [exthost] [info] ExtensionService#_doActivateExtension vscode.merge-conflict, startup: false, activationEvent: 'onStartupFinished'
[2022-09-20 11:30:29.100] [exthost] [info] Extension host terminating: received terminate message from renderer
[2022-09-20 11:30:29.109] [exthost] [info] Extension host with pid 3907 exiting with code 0
[2022-09-20 11:30:31.281] [exthost] [info] Extension host with pid 4005 started
[2022-09-20 11:30:31.281] [exthost] [info] Skipping acquiring lock for /home/turbobato/.config/Code - OSS/User/workspaceStorage/8da90c854dc295d065d7ce165de642ba.
[2022-09-20 11:30:31.473] [exthost] [info] ExtensionService#_doActivateExtension vscode.debug-auto-launch, startup: true, activationEvent: '*'
[2022-09-20 11:30:31.476] [exthost] [info] ExtensionService#_doActivateExtension vscode.git-base, startup: true, activationEvent: '*', root cause: vscode.git
[2022-09-20 11:30:31.479] [exthost] [info] ExtensionService#_doActivateExtension vscode.ipynb, startup: true, activationEvent: '*'
[2022-09-20 11:30:31.511] [exthost] [info] ExtensionService#_doActivateExtension vscode.git, startup: true, activationEvent: '*'
[2022-09-20 11:30:31.526] [exthost] [info] ExtensionService#_doActivateExtension vscode.github, startup: true, activationEvent: '*'
[2022-09-20 11:30:31.586] [exthost] [info] Eager extensions activated
[2022-09-20 11:30:31.737] [exthost] [info] ExtensionService#_doActivateExtension vscode.emmet, startup: false, activationEvent: 'onStartupFinished'
[2022-09-20 11:30:31.745] [exthost] [info] ExtensionService#_doActivateExtension vscode.merge-conflict, startup: false, activationEvent: 'onStartupFinished'
[2022-09-20 11:31:08.603] [exthost] [info] Extension host terminating: received terminate message from renderer
[2022-09-20 11:31:08.610] [exthost] [info] Extension host with pid 4005 exiting with code 0
[2022-09-20 11:31:11.055] [exthost] [info] Extension host with pid 4173 started
[2022-09-20 11:31:11.055] [exthost] [info] Skipping acquiring lock for /home/turbobato/.config/Code - OSS/User/workspaceStorage/4116f390580fab0f02e9196d084c367c.
[2022-09-20 11:31:11.166] [exthost] [info] ExtensionService#_doActivateExtension vscode.debug-auto-launch, startup: true, activationEvent: '*'
[2022-09-20 11:31:11.169] [exthost] [info] ExtensionService#_doActivateExtension vscode.git-base, startup: true, activationEvent: '*', root cause: vscode.git
[2022-09-20 11:31:11.172] [exthost] [info] ExtensionService#_doActivateExtension vscode.ipynb, startup: true, activationEvent: '*'
[2022-09-20 11:31:11.264] [exthost] [info] ExtensionService#_doActivateExtension vscode.git, startup: true, activationEvent: '*'
[2022-09-20 11:31:11.280] [exthost] [info] ExtensionService#_doActivateExtension vscode.github, startup: true, activationEvent: '*'
[2022-09-20 11:31:11.355] [exthost] [info] Eager extensions activated
[2022-09-20 11:31:11.373] [exthost] [info] ExtensionService#_doActivateExtension vscode.emmet, startup: false, activationEvent: 'onStartupFinished'
[2022-09-20 11:31:11.381] [exthost] [info] ExtensionService#_doActivateExtension vscode.merge-conflict, startup: false, activationEvent: 'onStartupFinished'
[2022-09-20 11:38:26.147] [exthost] [info] ExtensionService#_doActivateExtension vscode.configuration-editing, startup: false, activationEvent: 'onLanguage:jsonc'
[2022-09-20 11:38:26.158] [exthost] [info] ExtensionService#_doActivateExtension vscode.json-language-features, startup: false, activationEvent: 'onLanguage:jsonc'
[2022-09-20 11:38:26.193] [exthost] [info] ExtensionService#_doActivateExtension vscode.typescript-language-features, startup: false, activationEvent: 'onLanguage:jsonc'
[2022-09-20 11:40:43.561] [exthost] [info] Extension host terminating: received terminate message from renderer
[2022-09-20 11:40:43.577] [exthost] [info] Extension host with pid 4173 exiting with code 0
