[2022-09-20 17:17:33.637] [exthost] [info] Extension host with pid 2189 started
[2022-09-20 17:17:33.711] [exthost] [info] ExtensionService#_doActivateExtension vscode.debug-auto-launch, startup: true, activationEvent: '*'
[2022-09-20 17:17:33.714] [exthost] [info] ExtensionService#_doActivateExtension vscode.git-base, startup: true, activationEvent: '*', root cause: vscode.git
[2022-09-20 17:17:33.716] [exthost] [info] ExtensionService#_doActivateExtension vscode.ipynb, startup: true, activationEvent: '*'
[2022-09-20 17:17:33.730] [exthost] [info] ExtensionService#_doActivateExtension vscode.git, startup: true, activationEvent: '*'
[2022-09-20 17:17:33.743] [exthost] [info] ExtensionService#_doActivateExtension vscode.github, startup: true, activationEvent: '*'
[2022-09-20 17:17:33.767] [exthost] [info] Eager extensions activated
[2022-09-20 17:17:33.779] [exthost] [info] ExtensionService#_doActivateExtension vscode.emmet, startup: false, activationEvent: 'onStartupFinished'
[2022-09-20 17:17:33.783] [exthost] [info] ExtensionService#_doActivateExtension vscode.merge-conflict, startup: false, activationEvent: 'onStartupFinished'
[2022-09-20 17:18:08.393] [exthost] [info] ExtensionService#_doActivateExtension vscode.configuration-editing, startup: false, activationEvent: 'onLanguage:jsonc'
[2022-09-20 17:18:08.399] [exthost] [info] ExtensionService#_doActivateExtension vscode.json-language-features, startup: false, activationEvent: 'onLanguage:jsonc'
[2022-09-20 17:18:08.431] [exthost] [info] ExtensionService#_doActivateExtension vscode.typescript-language-features, startup: false, activationEvent: 'onLanguage:jsonc'
[2022-09-20 17:48:30.558] [exthost] [info] Extension host terminating: received terminate message from renderer
[2022-09-20 17:48:30.571] [exthost] [info] Extension host with pid 2189 exiting with code 0
[2022-09-20 17:48:35.144] [exthost] [info] Extension host with pid 5634 started
[2022-09-20 17:48:35.144] [exthost] [info] Skipping acquiring lock for /home/turbobato/.config/Code - OSS/User/workspaceStorage/4116f390580fab0f02e9196d084c367c.
[2022-09-20 17:48:35.378] [exthost] [info] ExtensionService#_doActivateExtension vscode.debug-auto-launch, startup: true, activationEvent: '*'
[2022-09-20 17:48:35.381] [exthost] [info] ExtensionService#_doActivateExtension vscode.git-base, startup: true, activationEvent: '*', root cause: vscode.git
[2022-09-20 17:48:35.382] [exthost] [info] ExtensionService#_doActivateExtension vscode.ipynb, startup: true, activationEvent: '*'
[2022-09-20 17:48:35.443] [exthost] [info] ExtensionService#_doActivateExtension vscode.git, startup: true, activationEvent: '*'
[2022-09-20 17:48:35.459] [exthost] [info] ExtensionService#_doActivateExtension vscode.github, startup: true, activationEvent: '*'
[2022-09-20 17:48:35.513] [exthost] [info] Eager extensions activated
[2022-09-20 17:48:35.608] [exthost] [info] ExtensionService#_doActivateExtension vscode.emmet, startup: false, activationEvent: 'onStartupFinished'
[2022-09-20 17:48:35.617] [exthost] [info] ExtensionService#_doActivateExtension vscode.merge-conflict, startup: false, activationEvent: 'onStartupFinished'
[2022-09-20 17:52:18.588] [exthost] [info] Extension host terminating: received terminate message from renderer
[2022-09-20 17:52:18.593] [exthost] [info] Extension host with pid 5634 exiting with code 0
[2022-09-20 17:52:20.879] [exthost] [info] Extension host with pid 6429 started
[2022-09-20 17:52:20.879] [exthost] [info] Skipping acquiring lock for /home/turbobato/.config/Code - OSS/User/workspaceStorage/c1c62b2d4b48c68850e244a03e7d9314.
[2022-09-20 17:52:21.004] [exthost] [info] ExtensionService#_doActivateExtension vscode.debug-auto-launch, startup: true, activationEvent: '*'
[2022-09-20 17:52:21.008] [exthost] [info] ExtensionService#_doActivateExtension vscode.git-base, startup: true, activationEvent: '*', root cause: vscode.git
[2022-09-20 17:52:21.011] [exthost] [info] ExtensionService#_doActivateExtension vscode.ipynb, startup: true, activationEvent: '*'
[2022-09-20 17:52:21.211] [exthost] [info] ExtensionService#_doActivateExtension vscode.git, startup: true, activationEvent: '*'
[2022-09-20 17:52:21.230] [exthost] [info] ExtensionService#_doActivateExtension vscode.github, startup: true, activationEvent: '*'
[2022-09-20 17:52:21.277] [exthost] [info] Eager extensions activated
[2022-09-20 17:52:21.351] [exthost] [info] ExtensionService#_doActivateExtension vscode.emmet, startup: false, activationEvent: 'onStartupFinished'
[2022-09-20 17:52:21.356] [exthost] [info] ExtensionService#_doActivateExtension vscode.merge-conflict, startup: false, activationEvent: 'onStartupFinished'
[2022-09-20 17:54:35.124] [exthost] [info] ExtensionService#_doActivateExtension vscode.configuration-editing, startup: false, activationEvent: 'onLanguage:jsonc'
[2022-09-20 17:54:35.128] [exthost] [info] ExtensionService#_doActivateExtension vscode.json-language-features, startup: false, activationEvent: 'onLanguage:jsonc'
[2022-09-20 17:54:35.149] [exthost] [info] ExtensionService#_doActivateExtension vscode.typescript-language-features, startup: false, activationEvent: 'onLanguage:jsonc'
[2022-09-20 17:58:32.564] [exthost] [warning] [Decorations] CAPPING events from decorations provider vscode.git 2993
[2022-09-20 17:58:37.690] [exthost] [warning] [Decorations] CAPPING events from decorations provider vscode.git 3037
[2022-09-20 18:00:31.094] [exthost] [warning] [Decorations] CAPPING events from decorations provider vscode.git 3037
[2022-09-20 18:00:36.204] [exthost] [warning] [Decorations] CAPPING events from decorations provider vscode.git 3038
[2022-09-20 18:01:00.541] [exthost] [warning] [Decorations] CAPPING events from decorations provider vscode.git 3038
[2022-09-20 18:01:05.635] [exthost] [warning] [Decorations] CAPPING events from decorations provider vscode.git 3037
[2022-09-20 18:01:10.758] [exthost] [warning] [Decorations] CAPPING events from decorations provider vscode.git 3037
[2022-09-20 18:01:15.844] [exthost] [warning] [Decorations] CAPPING events from decorations provider vscode.git 3037
[2022-09-20 18:02:24.553] [exthost] [warning] [Decorations] CAPPING events from decorations provider vscode.git 3037
[2022-09-20 18:02:38.058] [exthost] [warning] [Decorations] CAPPING events from decorations provider vscode.git 3037
[2022-09-20 18:03:11.031] [exthost] [warning] [Decorations] CAPPING events from decorations provider vscode.git 3037
[2022-09-20 18:03:16.134] [exthost] [warning] [Decorations] CAPPING events from decorations provider vscode.git 3038
[2022-09-20 18:03:21.262] [exthost] [warning] [Decorations] CAPPING events from decorations provider vscode.git 6070
[2022-09-20 18:03:27.829] [exthost] [warning] [Decorations] CAPPING events from decorations provider vscode.git 3038
[2022-09-20 18:03:34.901] [exthost] [warning] [Decorations] CAPPING events from decorations provider vscode.git 3038
[2022-09-20 18:03:49.794] [exthost] [warning] [Decorations] CAPPING events from decorations provider vscode.git 3038
[2022-09-20 18:04:06.851] [exthost] [warning] [Decorations] CAPPING events from decorations provider vscode.git 3037
[2022-09-20 18:06:08.350] [exthost] [warning] [Decorations] CAPPING events from decorations provider vscode.git 3037
[2022-09-20 18:06:18.928] [exthost] [warning] [Decorations] CAPPING events from decorations provider vscode.git 3037
[2022-09-20 18:08:53.277] [exthost] [warning] [Decorations] CAPPING events from decorations provider vscode.git 3037
[2022-09-20 18:09:47.696] [exthost] [warning] [Decorations] CAPPING events from decorations provider vscode.git 3048
[2022-09-20 18:09:52.821] [exthost] [warning] [Decorations] CAPPING events from decorations provider vscode.git 3049
[2022-09-20 18:10:06.499] [exthost] [warning] [Decorations] CAPPING events from decorations provider vscode.git 3049
[2022-09-20 18:10:11.604] [exthost] [warning] [Decorations] CAPPING events from decorations provider vscode.git 3049
[2022-09-20 18:10:16.742] [exthost] [warning] [Decorations] CAPPING events from decorations provider vscode.git 3050
[2022-09-20 18:10:58.219] [exthost] [warning] [Decorations] CAPPING events from decorations provider vscode.git 3050
[2022-09-20 18:11:03.315] [exthost] [warning] [Decorations] CAPPING events from decorations provider vscode.git 3051
[2022-09-20 18:12:18.923] [exthost] [warning] [Decorations] CAPPING events from decorations provider vscode.git 3051
[2022-09-20 18:12:24.044] [exthost] [warning] [Decorations] CAPPING events from decorations provider vscode.git 3051
[2022-09-20 18:12:34.923] [exthost] [warning] [Decorations] CAPPING events from decorations provider vscode.git 3051
[2022-09-20 18:12:40.051] [exthost] [warning] [Decorations] CAPPING events from decorations provider vscode.git 3053
[2022-09-20 18:13:09.077] [exthost] [warning] [Decorations] CAPPING events from decorations provider vscode.git 3053
[2022-09-20 18:13:15.939] [exthost] [warning] [Decorations] CAPPING events from decorations provider vscode.git 3053
[2022-09-20 18:14:14.578] [exthost] [warning] [Decorations] CAPPING events from decorations provider vscode.git 3053
[2022-09-20 18:14:19.712] [exthost] [warning] [Decorations] CAPPING events from decorations provider vscode.git 3053
[2022-09-20 18:15:01.675] [exthost] [warning] [Decorations] CAPPING events from decorations provider vscode.git 3053
[2022-09-20 18:15:06.806] [exthost] [warning] [Decorations] CAPPING events from decorations provider vscode.git 3055
[2022-09-20 18:15:26.386] [exthost] [warning] [Decorations] CAPPING events from decorations provider vscode.git 3055
[2022-09-20 18:15:31.514] [exthost] [warning] [Decorations] CAPPING events from decorations provider vscode.git 3056
[2022-09-20 18:21:50.094] [exthost] [warning] [Decorations] CAPPING events from decorations provider vscode.git 3056
