[2022-09-20T14:49:44.135Z] Log level: Info
[2022-09-20T14:49:44.136Z] [info] Validating found git in: git
[2022-09-20T14:49:44.146Z] [info] Using git 2.37.3 from git
[2022-09-20T14:49:44.159Z] > git rev-parse --show-toplevel [4ms]
[2022-09-20T14:49:44.159Z] fatal: not a git repository (or any of the parent directories): .git
[2022-09-20T14:49:44.167Z] > git rev-parse --show-toplevel [1ms]
[2022-09-20T14:49:44.167Z] fatal: not a git repository (or any of the parent directories): .git
[2022-09-20T14:49:44.173Z] > git rev-parse --show-toplevel [1ms]
[2022-09-20T14:49:44.173Z] fatal: not a git repository (or any of the parent directories): .git
[2022-09-20T14:49:44.195Z] > git rev-parse --show-toplevel [16ms]
[2022-09-20T14:49:44.195Z] fatal: not a git repository (or any of the parent directories): .git
[2022-09-20T14:49:44.208Z] > git rev-parse --show-toplevel [9ms]
[2022-09-20T14:49:44.208Z] fatal: not a git repository (or any of the parent directories): .git
[2022-09-20T14:49:44.213Z] > git rev-parse --show-toplevel [1ms]
[2022-09-20T14:49:44.213Z] fatal: not a git repository (or any of the parent directories): .git
[2022-09-20T14:49:44.218Z] > git rev-parse --show-toplevel [0ms]
[2022-09-20T14:49:44.218Z] fatal: not a git repository (or any of the parent directories): .git
[2022-09-20T14:49:44.224Z] > git rev-parse --show-toplevel [2ms]
[2022-09-20T14:49:44.224Z] fatal: not a git repository (or any of the parent directories): .git
[2022-09-20T14:49:44.230Z] > git rev-parse --show-toplevel [1ms]
[2022-09-20T14:49:44.230Z] fatal: not a git repository (or any of the parent directories): .git
[2022-09-20T14:49:44.234Z] > git rev-parse --show-toplevel [0ms]
[2022-09-20T14:49:44.234Z] fatal: not a git repository (or any of the parent directories): .git
[2022-09-20T14:49:44.239Z] > git rev-parse --show-toplevel [1ms]
[2022-09-20T14:49:44.239Z] fatal: not a git repository (or any of the parent directories): .git
[2022-09-20T14:49:44.244Z] > git rev-parse --show-toplevel [0ms]
[2022-09-20T14:49:44.244Z] fatal: not a git repository (or any of the parent directories): .git
[2022-09-20T14:49:44.249Z] > git rev-parse --show-toplevel [1ms]
[2022-09-20T14:49:44.249Z] fatal: not a git repository (or any of the parent directories): .git
[2022-09-20T14:49:44.256Z] > git rev-parse --show-toplevel [1ms]
[2022-09-20T14:49:44.256Z] fatal: not a git repository (or any of the parent directories): .git
[2022-09-20T14:49:44.265Z] > git rev-parse --show-toplevel [2ms]
[2022-09-20T14:49:44.265Z] fatal: not a git repository (or any of the parent directories): .git
[2022-09-20T14:49:44.270Z] > git rev-parse --show-toplevel [1ms]
[2022-09-20T14:49:44.270Z] fatal: not a git repository (or any of the parent directories): .git
[2022-09-20T14:49:44.275Z] > git rev-parse --show-toplevel [0ms]
[2022-09-20T14:49:44.276Z] fatal: not a git repository (or any of the parent directories): .git
[2022-09-20T14:49:44.281Z] > git rev-parse --show-toplevel [1ms]
[2022-09-20T14:49:44.281Z] fatal: not a git repository (or any of the parent directories): .git
[2022-09-20T14:49:44.286Z] > git rev-parse --show-toplevel [1ms]
[2022-09-20T14:49:44.286Z] fatal: not a git repository (or any of the parent directories): .git
[2022-09-20T14:49:44.293Z] > git rev-parse --show-toplevel [1ms]
[2022-09-20T14:49:44.293Z] fatal: not a git repository (or any of the parent directories): .git
[2022-09-20T14:49:44.298Z] > git rev-parse --show-toplevel [1ms]
[2022-09-20T14:49:44.298Z] fatal: not a git repository (or any of the parent directories): .git
[2022-09-20T14:49:44.303Z] > git rev-parse --show-toplevel [1ms]
[2022-09-20T14:49:44.303Z] fatal: not a git repository (or any of the parent directories): .git
[2022-09-20T14:49:44.308Z] > git rev-parse --show-toplevel [1ms]
[2022-09-20T14:49:44.308Z] fatal: not a git repository (or any of the parent directories): .git
[2022-09-20T14:49:44.314Z] > git rev-parse --show-toplevel [1ms]
[2022-09-20T14:49:44.314Z] fatal: not a git repository (or any of the parent directories): .git
[2022-09-20T14:49:44.319Z] > git rev-parse --show-toplevel [0ms]
[2022-09-20T14:49:44.319Z] fatal: not a git repository (or any of the parent directories): .git
[2022-09-20T14:49:44.324Z] > git rev-parse --show-toplevel [1ms]
[2022-09-20T14:49:44.324Z] fatal: not a git repository (or any of the parent directories): .git
[2022-09-20T14:49:44.329Z] > git rev-parse --show-toplevel [1ms]
[2022-09-20T14:49:44.329Z] fatal: not a git repository (or any of the parent directories): .git
[2022-09-20T14:49:44.335Z] > git rev-parse --show-toplevel [2ms]
[2022-09-20T14:49:44.335Z] fatal: not a git repository (or any of the parent directories): .git
[2022-09-20T14:49:44.340Z] > git rev-parse --show-toplevel [1ms]
[2022-09-20T14:49:44.340Z] fatal: not a git repository (or any of the parent directories): .git
[2022-09-20T14:49:44.345Z] > git rev-parse --show-toplevel [1ms]
[2022-09-20T14:49:44.345Z] fatal: not a git repository (or any of the parent directories): .git
[2022-09-20T14:49:44.351Z] > git rev-parse --show-toplevel [1ms]
[2022-09-20T14:49:44.351Z] fatal: not a git repository (or any of the parent directories): .git
[2022-09-20T14:49:44.356Z] > git rev-parse --show-toplevel [1ms]
[2022-09-20T14:49:44.356Z] fatal: not a git repository (or any of the parent directories): .git
[2022-09-20T14:49:44.361Z] > git rev-parse --show-toplevel [1ms]
[2022-09-20T14:49:44.361Z] fatal: not a git repository (or any of the parent directories): .git
[2022-09-20T14:49:44.366Z] > git rev-parse --show-toplevel [1ms]
[2022-09-20T14:49:44.366Z] fatal: not a git repository (or any of the parent directories): .git
[2022-09-20T14:49:44.371Z] > git rev-parse --show-toplevel [1ms]
[2022-09-20T14:49:44.371Z] fatal: not a git repository (or any of the parent directories): .git
[2022-09-20T14:49:44.378Z] > git rev-parse --show-toplevel [2ms]
[2022-09-20T14:49:44.378Z] fatal: not a git repository (or any of the parent directories): .git
[2022-09-20T14:49:44.383Z] > git rev-parse --show-toplevel [0ms]
[2022-09-20T14:49:44.383Z] fatal: not a git repository (or any of the parent directories): .git
[2022-09-20T14:49:44.389Z] > git rev-parse --show-toplevel [1ms]
[2022-09-20T14:49:44.389Z] fatal: not a git repository (or any of the parent directories): .git
[2022-09-20T14:49:44.397Z] > git rev-parse --show-toplevel [2ms]
[2022-09-20T14:49:44.397Z] fatal: not a git repository (or any of the parent directories): .git
[2022-09-20T14:49:44.403Z] > git rev-parse --show-toplevel [1ms]
[2022-09-20T14:49:44.403Z] fatal: not a git repository (or any of the parent directories): .git
[2022-09-20T14:49:44.410Z] > git rev-parse --show-toplevel [2ms]
[2022-09-20T14:49:44.410Z] fatal: not a git repository (or any of the parent directories): .git
[2022-09-20T14:49:44.417Z] > git rev-parse --show-toplevel [1ms]
[2022-09-20T14:49:44.417Z] fatal: not a git repository (or any of the parent directories): .git
[2022-09-20T14:49:44.423Z] > git rev-parse --show-toplevel [1ms]
[2022-09-20T14:49:44.423Z] fatal: not a git repository (or any of the parent directories): .git
[2022-09-20T14:49:44.429Z] > git rev-parse --show-toplevel [1ms]
[2022-09-20T14:49:44.429Z] fatal: not a git repository (or any of the parent directories): .git
[2022-09-20T14:49:44.434Z] > git rev-parse --show-toplevel [1ms]
[2022-09-20T14:49:44.434Z] fatal: not a git repository (or any of the parent directories): .git
[2022-09-20T14:49:44.439Z] > git rev-parse --show-toplevel [0ms]
[2022-09-20T14:49:44.439Z] fatal: not a git repository (or any of the parent directories): .git
[2022-09-20T14:49:44.446Z] > git rev-parse --show-toplevel [2ms]
[2022-09-20T14:49:44.446Z] fatal: not a git repository (or any of the parent directories): .git
[2022-09-20T14:49:44.452Z] > git rev-parse --show-toplevel [1ms]
[2022-09-20T14:49:44.452Z] fatal: not a git repository (or any of the parent directories): .git
[2022-09-20T14:49:44.460Z] > git rev-parse --show-toplevel [1ms]
[2022-09-20T14:49:44.460Z] fatal: not a git repository (or any of the parent directories): .git
[2022-09-20T14:49:44.468Z] > git rev-parse --show-toplevel [1ms]
[2022-09-20T14:49:44.468Z] fatal: not a git repository (or any of the parent directories): .git
[2022-09-20T14:49:44.473Z] > git rev-parse --show-toplevel [1ms]
[2022-09-20T14:49:44.473Z] fatal: not a git repository (or any of the parent directories): .git
[2022-09-20T14:49:44.479Z] > git rev-parse --show-toplevel [1ms]
[2022-09-20T14:49:44.479Z] fatal: not a git repository (or any of the parent directories): .git
[2022-09-20T14:49:44.487Z] > git rev-parse --show-toplevel [3ms]
[2022-09-20T14:49:44.487Z] fatal: not a git repository (or any of the parent directories): .git
[2022-09-20T14:49:44.493Z] > git rev-parse --show-toplevel [1ms]
[2022-09-20T14:49:44.493Z] fatal: not a git repository (or any of the parent directories): .git
[2022-09-20T14:49:44.499Z] > git rev-parse --show-toplevel [1ms]
[2022-09-20T14:49:44.499Z] fatal: not a git repository (or any of the parent directories): .git
[2022-09-20T14:49:44.505Z] > git rev-parse --show-toplevel [1ms]
[2022-09-20T14:49:44.505Z] fatal: not a git repository (or any of the parent directories): .git
[2022-09-20T14:49:44.511Z] > git rev-parse --show-toplevel [1ms]
[2022-09-20T14:49:44.511Z] fatal: not a git repository (or any of the parent directories): .git
[2022-09-20T14:49:44.517Z] > git rev-parse --show-toplevel [1ms]
[2022-09-20T14:49:44.517Z] fatal: not a git repository (or any of the parent directories): .git
[2022-09-20T14:49:44.522Z] > git rev-parse --show-toplevel [1ms]
[2022-09-20T14:49:44.522Z] fatal: not a git repository (or any of the parent directories): .git
[2022-09-20T14:49:44.527Z] > git rev-parse --show-toplevel [1ms]
[2022-09-20T14:49:44.527Z] fatal: not a git repository (or any of the parent directories): .git
[2022-09-20T14:49:44.534Z] > git rev-parse --show-toplevel [1ms]
[2022-09-20T14:49:44.534Z] fatal: not a git repository (or any of the parent directories): .git
[2022-09-20T14:49:44.539Z] > git rev-parse --show-toplevel [1ms]
[2022-09-20T14:49:44.539Z] fatal: not a git repository (or any of the parent directories): .git
[2022-09-20T14:49:44.545Z] > git rev-parse --show-toplevel [1ms]
[2022-09-20T14:49:44.545Z] fatal: not a git repository (or any of the parent directories): .git
[2022-09-20T14:49:44.550Z] > git rev-parse --show-toplevel [1ms]
[2022-09-20T14:49:44.550Z] fatal: not a git repository (or any of the parent directories): .git
[2022-09-20T14:49:44.558Z] > git rev-parse --show-toplevel [2ms]
[2022-09-20T14:49:44.558Z] fatal: not a git repository (or any of the parent directories): .git
[2022-09-20T14:49:44.565Z] > git rev-parse --show-toplevel [1ms]
[2022-09-20T14:49:44.565Z] fatal: not a git repository (or any of the parent directories): .git
[2022-09-20T14:49:44.573Z] > git rev-parse --show-toplevel [1ms]
[2022-09-20T14:49:44.573Z] fatal: not a git repository (or any of the parent directories): .git
[2022-09-20T14:49:44.582Z] > git rev-parse --show-toplevel [2ms]
[2022-09-20T14:49:44.582Z] fatal: not a git repository (or any of the parent directories): .git
[2022-09-20T14:49:44.591Z] > git rev-parse --show-toplevel [3ms]
[2022-09-20T14:49:44.591Z] fatal: not a git repository (or any of the parent directories): .git
[2022-09-20T14:49:44.599Z] > git rev-parse --show-toplevel [0ms]
[2022-09-20T14:49:44.599Z] fatal: not a git repository (or any of the parent directories): .git
[2022-09-20T14:49:44.615Z] > git rev-parse --show-toplevel [1ms]
[2022-09-20T14:49:44.615Z] fatal: not a git repository (or any of the parent directories): .git
[2022-09-20T14:49:44.621Z] > git rev-parse --show-toplevel [1ms]
[2022-09-20T14:49:44.621Z] fatal: not a git repository (or any of the parent directories): .git
[2022-09-20T14:49:44.625Z] > git rev-parse --show-toplevel [1ms]
[2022-09-20T14:49:44.625Z] fatal: not a git repository (or any of the parent directories): .git
[2022-09-20T14:49:44.629Z] > git rev-parse --show-toplevel [0ms]
[2022-09-20T14:49:44.629Z] fatal: not a git repository (or any of the parent directories): .git
[2022-09-20T14:49:44.634Z] > git rev-parse --show-toplevel [1ms]
[2022-09-20T14:49:44.634Z] fatal: not a git repository (or any of the parent directories): .git
[2022-09-20T14:49:44.638Z] > git rev-parse --show-toplevel [1ms]
[2022-09-20T14:49:44.638Z] fatal: not a git repository (or any of the parent directories): .git
[2022-09-20T14:49:44.642Z] > git rev-parse --show-toplevel [1ms]
[2022-09-20T14:49:44.642Z] fatal: not a git repository (or any of the parent directories): .git
[2022-09-20T14:49:44.647Z] > git rev-parse --show-toplevel [1ms]
[2022-09-20T14:49:44.647Z] fatal: not a git repository (or any of the parent directories): .git
[2022-09-20T14:49:44.651Z] > git rev-parse --show-toplevel [1ms]
[2022-09-20T14:49:44.651Z] fatal: not a git repository (or any of the parent directories): .git
[2022-09-20T14:49:44.655Z] > git rev-parse --show-toplevel [1ms]
[2022-09-20T14:49:44.655Z] fatal: not a git repository (or any of the parent directories): .git
[2022-09-20T14:49:44.659Z] > git rev-parse --show-toplevel [0ms]
[2022-09-20T14:49:44.660Z] fatal: not a git repository (or any of the parent directories): .git
[2022-09-20T14:49:44.664Z] > git rev-parse --show-toplevel [1ms]
[2022-09-20T14:49:44.664Z] fatal: not a git repository (or any of the parent directories): .git
[2022-09-20T14:49:44.669Z] > git rev-parse --show-toplevel [1ms]
[2022-09-20T14:49:44.669Z] fatal: not a git repository (or any of the parent directories): .git
[2022-09-20T14:49:44.673Z] > git rev-parse --show-toplevel [1ms]
[2022-09-20T14:49:44.673Z] fatal: not a git repository (or any of the parent directories): .git
[2022-09-20T14:49:44.677Z] > git rev-parse --show-toplevel [1ms]
[2022-09-20T14:49:44.677Z] fatal: not a git repository (or any of the parent directories): .git
[2022-09-20T14:49:44.681Z] > git rev-parse --show-toplevel [0ms]
[2022-09-20T14:49:44.681Z] fatal: not a git repository (or any of the parent directories): .git
[2022-09-20T14:49:44.689Z] > git rev-parse --show-toplevel [0ms]
[2022-09-20T14:49:44.689Z] fatal: not a git repository (or any of the parent directories): .git
[2022-09-20T14:49:44.696Z] > git rev-parse --show-toplevel [1ms]
[2022-09-20T14:49:44.696Z] fatal: not a git repository (or any of the parent directories): .git
[2022-09-20T14:49:44.700Z] > git rev-parse --show-toplevel [0ms]
[2022-09-20T14:49:44.700Z] fatal: not a git repository (or any of the parent directories): .git
[2022-09-20T14:49:44.705Z] > git rev-parse --show-toplevel [1ms]
[2022-09-20T14:49:44.705Z] fatal: not a git repository (or any of the parent directories): .git
[2022-09-20T14:49:44.709Z] > git rev-parse --show-toplevel [0ms]
[2022-09-20T14:49:44.709Z] fatal: not a git repository (or any of the parent directories): .git
[2022-09-20T14:49:44.714Z] > git rev-parse --show-toplevel [1ms]
[2022-09-20T14:49:44.714Z] fatal: not a git repository (or any of the parent directories): .git
[2022-09-20T14:49:44.719Z] > git rev-parse --show-toplevel [1ms]
[2022-09-20T14:49:44.719Z] fatal: not a git repository (or any of the parent directories): .git
[2022-09-20T14:49:44.724Z] > git rev-parse --show-toplevel [1ms]
[2022-09-20T14:49:44.724Z] fatal: not a git repository (or any of the parent directories): .git
[2022-09-20T14:49:44.729Z] > git rev-parse --show-toplevel [1ms]
[2022-09-20T14:49:44.729Z] fatal: not a git repository (or any of the parent directories): .git
[2022-09-20T14:49:44.734Z] > git rev-parse --show-toplevel [1ms]
[2022-09-20T14:49:44.734Z] fatal: not a git repository (or any of the parent directories): .git
[2022-09-20T14:49:44.739Z] > git rev-parse --show-toplevel [1ms]
[2022-09-20T14:49:44.739Z] fatal: not a git repository (or any of the parent directories): .git
[2022-09-20T14:49:44.743Z] > git rev-parse --show-toplevel [1ms]
[2022-09-20T14:49:44.743Z] fatal: not a git repository (or any of the parent directories): .git
[2022-09-20T14:49:44.747Z] > git rev-parse --show-toplevel [0ms]
[2022-09-20T14:49:44.747Z] fatal: not a git repository (or any of the parent directories): .git
[2022-09-20T14:49:44.773Z] > git rev-parse --show-toplevel [1ms]
[2022-09-20T14:49:44.773Z] fatal: not a git repository (or any of the parent directories): .git
