[2022-09-20T15:52:21.260Z] Log level: Info
[2022-09-20T15:52:21.261Z] [info] Validating found git in: git
[2022-09-20T15:52:21.269Z] [info] Using git 2.37.3 from git
[2022-09-20T15:52:21.279Z] > git rev-parse --show-toplevel [2ms]
[2022-09-20T15:52:21.284Z] > git rev-parse --git-dir --git-common-dir [1ms]
[2022-09-20T15:52:21.287Z] [info] Open repository: /home/turbobato/utils/dotfiles
[2022-09-20T15:52:21.299Z] > git status -z -uall [5ms]
[2022-09-20T15:52:21.304Z] > git symbolic-ref --short HEAD [1ms]
[2022-09-20T15:52:21.310Z] > git for-each-ref --format=%(refname)%00%(upstream:short)%00%(objectname)%00%(upstream:track)%00%(upstream:remotename)%00%(upstream:remoteref) refs/heads/main refs/remotes/main [3ms]
[2022-09-20T15:52:21.319Z] > git remote --verbose [1ms]
[2022-09-20T15:52:21.320Z] > git for-each-ref --sort -committerdate --format %(refname) %(objectname) %(*objectname) [6ms]
[2022-09-20T15:52:21.330Z] > git config --get commit.template [3ms]
[2022-09-20T15:52:21.337Z] > git status -z -uall [1ms]
[2022-09-20T15:52:21.342Z] > git symbolic-ref --short HEAD [1ms]
[2022-09-20T15:52:21.358Z] > git for-each-ref --format=%(refname)%00%(upstream:short)%00%(objectname)%00%(upstream:track)%00%(upstream:remotename)%00%(upstream:remoteref) refs/heads/main refs/remotes/main [13ms]
[2022-09-20T15:52:21.368Z] > git remote --verbose [1ms]
[2022-09-20T15:52:21.369Z] > git for-each-ref --sort -committerdate --format %(refname) %(objectname) %(*objectname) [7ms]
[2022-09-20T15:52:21.380Z] > git config --get commit.template [5ms]
[2022-09-20T15:52:21.674Z] > git show --textconv :install_scripts/install.sh [6ms]
[2022-09-20T15:52:21.675Z] > git ls-files --stage -- /home/turbobato/utils/dotfiles/install_scripts/install.sh [2ms]
[2022-09-20T15:52:21.682Z] > git cat-file -s a7dde054a4aa3afdb420f405798e03dc665d617d [2ms]
[2022-09-20T15:52:21.885Z] > git check-ignore -v -z --stdin [2ms]
[2022-09-20T15:52:43.070Z] > git status -z -uall [2ms]
[2022-09-20T15:52:43.076Z] > git symbolic-ref --short HEAD [1ms]
[2022-09-20T15:52:43.083Z] > git for-each-ref --format=%(refname)%00%(upstream:short)%00%(objectname)%00%(upstream:track)%00%(upstream:remotename)%00%(upstream:remoteref) refs/heads/main refs/remotes/main [2ms]
[2022-09-20T15:52:43.094Z] > git for-each-ref --sort -committerdate --format %(refname) %(objectname) %(*objectname) [7ms]
[2022-09-20T15:52:43.094Z] > git remote --verbose [2ms]
[2022-09-20T15:52:43.102Z] > git config --get commit.template [1ms]
[2022-09-20T15:52:55.944Z] > git status -z -uall [1ms]
[2022-09-20T15:52:55.949Z] > git symbolic-ref --short HEAD [0ms]
[2022-09-20T15:52:55.956Z] > git for-each-ref --format=%(refname)%00%(upstream:short)%00%(objectname)%00%(upstream:track)%00%(upstream:remotename)%00%(upstream:remoteref) refs/heads/main refs/remotes/main [2ms]
[2022-09-20T15:52:55.964Z] > git remote --verbose [1ms]
[2022-09-20T15:52:55.964Z] > git for-each-ref --sort -committerdate --format %(refname) %(objectname) %(*objectname) [5ms]
[2022-09-20T15:52:55.975Z] > git config --get commit.template [1ms]
[2022-09-20T15:53:47.934Z] > git status -z -uall [3ms]
[2022-09-20T15:53:47.940Z] > git symbolic-ref --short HEAD [2ms]
[2022-09-20T15:53:47.949Z] > git for-each-ref --format=%(refname)%00%(upstream:short)%00%(objectname)%00%(upstream:track)%00%(upstream:remotename)%00%(upstream:remoteref) refs/heads/main refs/remotes/main [2ms]
[2022-09-20T15:53:47.966Z] > git remote --verbose [6ms]
[2022-09-20T15:53:47.966Z] > git for-each-ref --sort -committerdate --format %(refname) %(objectname) %(*objectname) [10ms]
[2022-09-20T15:53:47.971Z] > git check-ignore -v -z --stdin [6ms]
[2022-09-20T15:53:47.972Z] > git config --get commit.template [1ms]
[2022-09-20T15:55:29.891Z] > git status -z -uall [1ms]
[2022-09-20T15:55:29.898Z] > git symbolic-ref --short HEAD [1ms]
[2022-09-20T15:55:29.905Z] > git for-each-ref --format=%(refname)%00%(upstream:short)%00%(objectname)%00%(upstream:track)%00%(upstream:remotename)%00%(upstream:remoteref) refs/heads/main refs/remotes/main [1ms]
[2022-09-20T15:55:29.917Z] > git remote --verbose [2ms]
[2022-09-20T15:55:29.917Z] > git for-each-ref --sort -committerdate --format %(refname) %(objectname) %(*objectname) [6ms]
[2022-09-20T15:55:29.940Z] > git check-ignore -v -z --stdin [8ms]
[2022-09-20T15:55:29.942Z] > git config --get commit.template [3ms]
[2022-09-20T15:55:47.215Z] > git status -z -uall [3ms]
[2022-09-20T15:55:47.223Z] > git symbolic-ref --short HEAD [1ms]
[2022-09-20T15:55:47.232Z] > git for-each-ref --format=%(refname)%00%(upstream:short)%00%(objectname)%00%(upstream:track)%00%(upstream:remotename)%00%(upstream:remoteref) refs/heads/main refs/remotes/main [2ms]
[2022-09-20T15:55:47.247Z] > git for-each-ref --sort -committerdate --format %(refname) %(objectname) %(*objectname) [8ms]
[2022-09-20T15:55:47.248Z] > git remote --verbose [3ms]
[2022-09-20T15:55:47.261Z] > git config --get commit.template [2ms]
[2022-09-20T15:55:52.269Z] > git status -z -uall [2ms]
[2022-09-20T15:55:52.275Z] > git symbolic-ref --short HEAD [1ms]
[2022-09-20T15:55:52.283Z] > git for-each-ref --format=%(refname)%00%(upstream:short)%00%(objectname)%00%(upstream:track)%00%(upstream:remotename)%00%(upstream:remoteref) refs/heads/main refs/remotes/main [2ms]
[2022-09-20T15:55:52.294Z] > git for-each-ref --sort -committerdate --format %(refname) %(objectname) %(*objectname) [5ms]
[2022-09-20T15:55:52.294Z] > git remote --verbose [1ms]
[2022-09-20T15:55:52.301Z] > git config --get commit.template [1ms]
[2022-09-20T15:56:20.910Z] > git status -z -uall [3ms]
[2022-09-20T15:56:20.917Z] > git symbolic-ref --short HEAD [2ms]
[2022-09-20T15:56:20.926Z] > git for-each-ref --format=%(refname)%00%(upstream:short)%00%(objectname)%00%(upstream:track)%00%(upstream:remotename)%00%(upstream:remoteref) refs/heads/main refs/remotes/main [4ms]
[2022-09-20T15:56:20.940Z] > git remote --verbose [2ms]
[2022-09-20T15:56:20.941Z] > git for-each-ref --sort -committerdate --format %(refname) %(objectname) %(*objectname) [10ms]
[2022-09-20T15:56:20.957Z] > git config --get commit.template [2ms]
[2022-09-20T15:56:47.785Z] > git show --textconv :install_scripts/copy_dotfiles.sh [5ms]
[2022-09-20T15:56:47.788Z] > git ls-files --stage -- /home/turbobato/utils/dotfiles/install_scripts/copy_dotfiles.sh [4ms]
[2022-09-20T15:56:48.024Z] > git check-ignore -v -z --stdin [1ms]
[2022-09-20T15:56:48.515Z] > git status -z -uall [1ms]
[2022-09-20T15:56:48.521Z] > git symbolic-ref --short HEAD [1ms]
[2022-09-20T15:56:48.526Z] > git for-each-ref --format=%(refname)%00%(upstream:short)%00%(objectname)%00%(upstream:track)%00%(upstream:remotename)%00%(upstream:remoteref) refs/heads/main refs/remotes/main [1ms]
[2022-09-20T15:56:48.537Z] > git remote --verbose [1ms]
[2022-09-20T15:56:48.537Z] > git for-each-ref --sort -committerdate --format %(refname) %(objectname) %(*objectname) [6ms]
[2022-09-20T15:56:48.544Z] > git config --get commit.template [1ms]
[2022-09-20T15:58:09.406Z] > git status -z -uall [1ms]
[2022-09-20T15:58:09.413Z] > git symbolic-ref --short HEAD [1ms]
[2022-09-20T15:58:09.420Z] > git for-each-ref --format=%(refname)%00%(upstream:short)%00%(objectname)%00%(upstream:track)%00%(upstream:remotename)%00%(upstream:remoteref) refs/heads/main refs/remotes/main [2ms]
[2022-09-20T15:58:09.431Z] > git for-each-ref --sort -committerdate --format %(refname) %(objectname) %(*objectname) [5ms]
[2022-09-20T15:58:09.432Z] > git remote --verbose [2ms]
[2022-09-20T15:58:09.439Z] > git config --get commit.template [1ms]
[2022-09-20T15:58:17.360Z] > git status -z -uall [3ms]
[2022-09-20T15:58:17.365Z] > git symbolic-ref --short HEAD [0ms]
[2022-09-20T15:58:17.374Z] > git for-each-ref --format=%(refname)%00%(upstream:short)%00%(objectname)%00%(upstream:track)%00%(upstream:remotename)%00%(upstream:remoteref) refs/heads/main refs/remotes/main [2ms]
[2022-09-20T15:58:17.389Z] > git for-each-ref --sort -committerdate --format %(refname) %(objectname) %(*objectname) [8ms]
[2022-09-20T15:58:17.389Z] > git remote --verbose [2ms]
[2022-09-20T15:58:17.400Z] > git config --get commit.template [2ms]
[2022-09-20T15:58:27.433Z] > git status -z -uall [2ms]
[2022-09-20T15:58:27.441Z] > git symbolic-ref --short HEAD [1ms]
[2022-09-20T15:58:27.450Z] > git for-each-ref --format=%(refname)%00%(upstream:short)%00%(objectname)%00%(upstream:track)%00%(upstream:remotename)%00%(upstream:remoteref) refs/heads/main refs/remotes/main [3ms]
[2022-09-20T15:58:27.464Z] > git for-each-ref --sort -committerdate --format %(refname) %(objectname) %(*objectname) [7ms]
[2022-09-20T15:58:27.465Z] > git remote --verbose [3ms]
[2022-09-20T15:58:27.477Z] > git config --get commit.template [1ms]
[2022-09-20T15:58:32.491Z] > git status -z -uall [8ms]
[2022-09-20T15:58:32.497Z] > git symbolic-ref --short HEAD [1ms]
[2022-09-20T15:58:32.502Z] > git for-each-ref --format=%(refname)%00%(upstream:short)%00%(objectname)%00%(upstream:track)%00%(upstream:remotename)%00%(upstream:remoteref) refs/heads/main refs/remotes/main [1ms]
[2022-09-20T15:58:32.516Z] > git for-each-ref --sort -committerdate --format %(refname) %(objectname) %(*objectname) [8ms]
[2022-09-20T15:58:32.516Z] > git remote --verbose [3ms]
[2022-09-20T15:58:32.581Z] > git config --get commit.template [1ms]
[2022-09-20T15:58:33.630Z] > git check-ignore -v -z --stdin [2ms]
[2022-09-20T15:58:36.410Z] > git check-ignore -v -z --stdin [1ms]
[2022-09-20T15:58:37.608Z] > git status -z -uall [18ms]
[2022-09-20T15:58:37.616Z] > git symbolic-ref --short HEAD [1ms]
[2022-09-20T15:58:37.624Z] > git for-each-ref --format=%(refname)%00%(upstream:short)%00%(objectname)%00%(upstream:track)%00%(upstream:remotename)%00%(upstream:remoteref) refs/heads/main refs/remotes/main [2ms]
[2022-09-20T15:58:37.635Z] > git for-each-ref --sort -committerdate --format %(refname) %(objectname) %(*objectname) [5ms]
[2022-09-20T15:58:37.635Z] > git remote --verbose [1ms]
[2022-09-20T15:58:37.713Z] > git check-ignore -v -z --stdin [10ms]
[2022-09-20T15:58:37.713Z] > git config --get commit.template [4ms]
[2022-09-20T15:58:56.069Z] > git check-ignore -v -z --stdin [2ms]
[2022-09-20T15:59:13.222Z] > git show --textconv :.zshrc [8ms]
[2022-09-20T15:59:13.224Z] > git ls-files --stage -- /home/turbobato/utils/dotfiles/.zshrc [2ms]
[2022-09-20T16:00:18.156Z] > git show --textconv :install_scripts/copy_dotfiles.sh [7ms]
[2022-09-20T16:00:18.157Z] > git ls-files --stage -- /home/turbobato/utils/dotfiles/install_scripts/copy_dotfiles.sh [2ms]
[2022-09-20T16:00:31.030Z] > git status -z -uall [13ms]
[2022-09-20T16:00:31.037Z] > git symbolic-ref --short HEAD [0ms]
[2022-09-20T16:00:31.045Z] > git for-each-ref --format=%(refname)%00%(upstream:short)%00%(objectname)%00%(upstream:track)%00%(upstream:remotename)%00%(upstream:remoteref) refs/heads/main refs/remotes/main [1ms]
[2022-09-20T16:00:31.059Z] > git for-each-ref --sort -committerdate --format %(refname) %(objectname) %(*objectname) [8ms]
[2022-09-20T16:00:31.060Z] > git remote --verbose [2ms]
[2022-09-20T16:00:31.104Z] > git config --get commit.template [1ms]
[2022-09-20T16:00:36.124Z] > git status -z -uall [12ms]
[2022-09-20T16:00:36.129Z] > git symbolic-ref --short HEAD [0ms]
[2022-09-20T16:00:36.139Z] > git for-each-ref --format=%(refname)%00%(upstream:short)%00%(objectname)%00%(upstream:track)%00%(upstream:remotename)%00%(upstream:remoteref) refs/heads/main refs/remotes/main [2ms]
[2022-09-20T16:00:36.150Z] > git for-each-ref --sort -committerdate --format %(refname) %(objectname) %(*objectname) [5ms]
[2022-09-20T16:00:36.151Z] > git remote --verbose [2ms]
[2022-09-20T16:00:36.222Z] > git config --get commit.template [1ms]
[2022-09-20T16:01:00.492Z] > git status -z -uall [15ms]
[2022-09-20T16:01:00.497Z] > git symbolic-ref --short HEAD [1ms]
[2022-09-20T16:01:00.502Z] > git for-each-ref --format=%(refname)%00%(upstream:short)%00%(objectname)%00%(upstream:track)%00%(upstream:remotename)%00%(upstream:remoteref) refs/heads/main refs/remotes/main [1ms]
[2022-09-20T16:01:00.511Z] > git for-each-ref --sort -committerdate --format %(refname) %(objectname) %(*objectname) [5ms]
[2022-09-20T16:01:00.511Z] > git remote --verbose [1ms]
[2022-09-20T16:01:00.554Z] > git config --get commit.template [1ms]
[2022-09-20T16:01:05.569Z] > git status -z -uall [9ms]
[2022-09-20T16:01:05.577Z] > git symbolic-ref --short HEAD [2ms]
[2022-09-20T16:01:05.585Z] > git for-each-ref --format=%(refname)%00%(upstream:short)%00%(objectname)%00%(upstream:track)%00%(upstream:remotename)%00%(upstream:remoteref) refs/heads/main refs/remotes/main [2ms]
[2022-09-20T16:01:05.597Z] > git for-each-ref --sort -committerdate --format %(refname) %(objectname) %(*objectname) [6ms]
[2022-09-20T16:01:05.598Z] > git remote --verbose [2ms]
[2022-09-20T16:01:05.650Z] > git config --get commit.template [1ms]
[2022-09-20T16:01:10.701Z] > git status -z -uall [13ms]
[2022-09-20T16:01:10.709Z] > git symbolic-ref --short HEAD [1ms]
[2022-09-20T16:01:10.716Z] > git for-each-ref --format=%(refname)%00%(upstream:short)%00%(objectname)%00%(upstream:track)%00%(upstream:remotename)%00%(upstream:remoteref) refs/heads/main refs/remotes/main [1ms]
[2022-09-20T16:01:10.732Z] > git for-each-ref --sort -committerdate --format %(refname) %(objectname) %(*objectname) [8ms]
[2022-09-20T16:01:10.733Z] > git remote --verbose [1ms]
[2022-09-20T16:01:10.776Z] > git config --get commit.template [8ms]
[2022-09-20T16:01:15.791Z] > git status -z -uall [7ms]
[2022-09-20T16:01:15.798Z] > git symbolic-ref --short HEAD [1ms]
[2022-09-20T16:01:15.805Z] > git for-each-ref --format=%(refname)%00%(upstream:short)%00%(objectname)%00%(upstream:track)%00%(upstream:remotename)%00%(upstream:remoteref) refs/heads/main refs/remotes/main [1ms]
[2022-09-20T16:01:15.819Z] > git for-each-ref --sort -committerdate --format %(refname) %(objectname) %(*objectname) [8ms]
[2022-09-20T16:01:15.819Z] > git remote --verbose [2ms]
[2022-09-20T16:01:15.857Z] > git config --get commit.template [1ms]
[2022-09-20T16:02:24.483Z] > git status -z -uall [14ms]
[2022-09-20T16:02:24.490Z] > git symbolic-ref --short HEAD [1ms]
[2022-09-20T16:02:24.497Z] > git for-each-ref --format=%(refname)%00%(upstream:short)%00%(objectname)%00%(upstream:track)%00%(upstream:remotename)%00%(upstream:remoteref) refs/heads/main refs/remotes/main [2ms]
[2022-09-20T16:02:24.507Z] > git for-each-ref --sort -committerdate --format %(refname) %(objectname) %(*objectname) [5ms]
[2022-09-20T16:02:24.508Z] > git remote --verbose [1ms]
[2022-09-20T16:02:24.573Z] > git config --get commit.template [4ms]
[2022-09-20T16:02:37.473Z] > git check-ignore -v -z --stdin [2ms]
[2022-09-20T16:02:38.002Z] > git status -z -uall [10ms]
[2022-09-20T16:02:38.008Z] > git symbolic-ref --short HEAD [0ms]
[2022-09-20T16:02:38.015Z] > git for-each-ref --format=%(refname)%00%(upstream:short)%00%(objectname)%00%(upstream:track)%00%(upstream:remotename)%00%(upstream:remoteref) refs/heads/main refs/remotes/main [1ms]
[2022-09-20T16:02:38.026Z] > git remote --verbose [1ms]
[2022-09-20T16:02:38.026Z] > git for-each-ref --sort -committerdate --format %(refname) %(objectname) %(*objectname) [6ms]
[2022-09-20T16:02:38.065Z] > git config --get commit.template [1ms]
[2022-09-20T16:03:10.394Z] > git check-ignore -v -z --stdin [2ms]
[2022-09-20T16:03:10.939Z] > git status -z -uall [10ms]
[2022-09-20T16:03:10.946Z] > git symbolic-ref --short HEAD [1ms]
[2022-09-20T16:03:10.952Z] > git for-each-ref --format=%(refname)%00%(upstream:short)%00%(objectname)%00%(upstream:track)%00%(upstream:remotename)%00%(upstream:remoteref) refs/heads/main refs/remotes/main [2ms]
[2022-09-20T16:03:10.963Z] > git for-each-ref --sort -committerdate --format %(refname) %(objectname) %(*objectname) [5ms]
[2022-09-20T16:03:10.964Z] > git remote --verbose [2ms]
[2022-09-20T16:03:11.039Z] > git config --get commit.template [2ms]
[2022-09-20T16:03:14.516Z] > git check-ignore -v -z --stdin [1ms]
[2022-09-20T16:03:16.055Z] > git status -z -uall [7ms]
[2022-09-20T16:03:16.066Z] > git symbolic-ref --short HEAD [1ms]
[2022-09-20T16:03:16.075Z] > git for-each-ref --format=%(refname)%00%(upstream:short)%00%(objectname)%00%(upstream:track)%00%(upstream:remotename)%00%(upstream:remoteref) refs/heads/main refs/remotes/main [1ms]
[2022-09-20T16:03:16.091Z] > git for-each-ref --sort -committerdate --format %(refname) %(objectname) %(*objectname) [9ms]
[2022-09-20T16:03:16.091Z] > git remote --verbose [1ms]
[2022-09-20T16:03:16.153Z] > git config --get commit.template [4ms]
[2022-09-20T16:03:18.777Z] > git check-ignore -v -z --stdin [1ms]
[2022-09-20T16:03:21.166Z] > git status -z -uall [6ms]
[2022-09-20T16:03:21.173Z] > git symbolic-ref --short HEAD [1ms]
[2022-09-20T16:03:21.180Z] > git for-each-ref --format=%(refname)%00%(upstream:short)%00%(objectname)%00%(upstream:track)%00%(upstream:remotename)%00%(upstream:remoteref) refs/heads/main refs/remotes/main [1ms]
[2022-09-20T16:03:21.194Z] > git remote --verbose [1ms]
[2022-09-20T16:03:21.194Z] > git for-each-ref --sort -committerdate --format %(refname) %(objectname) %(*objectname) [8ms]
[2022-09-20T16:03:21.278Z] > git config --get commit.template [2ms]
[2022-09-20T16:03:27.241Z] > git check-ignore -v -z --stdin [0ms]
[2022-09-20T16:03:27.744Z] > git status -z -uall [8ms]
[2022-09-20T16:03:27.750Z] > git symbolic-ref --short HEAD [0ms]
[2022-09-20T16:03:27.758Z] > git for-each-ref --format=%(refname)%00%(upstream:short)%00%(objectname)%00%(upstream:track)%00%(upstream:remotename)%00%(upstream:remoteref) refs/heads/main refs/remotes/main [1ms]
[2022-09-20T16:03:27.770Z] > git for-each-ref --sort -committerdate --format %(refname) %(objectname) %(*objectname) [7ms]
[2022-09-20T16:03:27.770Z] > git remote --verbose [2ms]
[2022-09-20T16:03:27.841Z] > git config --get commit.template [0ms]
[2022-09-20T16:03:34.328Z] > git check-ignore -v -z --stdin [1ms]
[2022-09-20T16:03:34.828Z] > git status -z -uall [9ms]
[2022-09-20T16:03:34.836Z] > git symbolic-ref --short HEAD [1ms]
[2022-09-20T16:03:34.846Z] > git for-each-ref --format=%(refname)%00%(upstream:short)%00%(objectname)%00%(upstream:track)%00%(upstream:remotename)%00%(upstream:remoteref) refs/heads/main refs/remotes/main [2ms]
[2022-09-20T16:03:34.860Z] > git for-each-ref --sort -committerdate --format %(refname) %(objectname) %(*objectname) [7ms]
[2022-09-20T16:03:34.861Z] > git remote --verbose [2ms]
[2022-09-20T16:03:34.920Z] > git config --get commit.template [4ms]
[2022-09-20T16:03:48.914Z] > git show --textconv :install_scripts/copy_and_backup_dotfiles.sh [7ms]
[2022-09-20T16:03:48.915Z] > git ls-files --stage -- /home/turbobato/utils/dotfiles/install_scripts/copy_and_backup_dotfiles.sh [1ms]
[2022-09-20T16:03:49.226Z] > git check-ignore -v -z --stdin [2ms]
[2022-09-20T16:03:49.734Z] > git status -z -uall [10ms]
[2022-09-20T16:03:49.740Z] > git symbolic-ref --short HEAD [1ms]
[2022-09-20T16:03:49.746Z] > git for-each-ref --format=%(refname)%00%(upstream:short)%00%(objectname)%00%(upstream:track)%00%(upstream:remotename)%00%(upstream:remoteref) refs/heads/main refs/remotes/main [2ms]
[2022-09-20T16:03:49.757Z] > git for-each-ref --sort -committerdate --format %(refname) %(objectname) %(*objectname) [6ms]
[2022-09-20T16:03:49.757Z] > git remote --verbose [1ms]
[2022-09-20T16:03:49.806Z] > git config --get commit.template [2ms]
[2022-09-20T16:04:06.761Z] > git status -z -uall [24ms]
[2022-09-20T16:04:06.769Z] > git symbolic-ref --short HEAD [1ms]
[2022-09-20T16:04:06.776Z] > git for-each-ref --format=%(refname)%00%(upstream:short)%00%(objectname)%00%(upstream:track)%00%(upstream:remotename)%00%(upstream:remoteref) refs/heads/main refs/remotes/main [1ms]
[2022-09-20T16:04:06.786Z] > git remote --verbose [2ms]
[2022-09-20T16:04:06.787Z] > git for-each-ref --sort -committerdate --format %(refname) %(objectname) %(*objectname) [7ms]
[2022-09-20T16:04:06.861Z] > git config --get commit.template [3ms]
[2022-09-20T16:06:08.267Z] > git status -z -uall [23ms]
[2022-09-20T16:06:08.276Z] > git symbolic-ref --short HEAD [1ms]
[2022-09-20T16:06:08.285Z] > git for-each-ref --format=%(refname)%00%(upstream:short)%00%(objectname)%00%(upstream:track)%00%(upstream:remotename)%00%(upstream:remoteref) refs/heads/main refs/remotes/main [2ms]
[2022-09-20T16:06:08.300Z] > git remote --verbose [1ms]
[2022-09-20T16:06:08.301Z] > git for-each-ref --sort -committerdate --format %(refname) %(objectname) %(*objectname) [9ms]
[2022-09-20T16:06:08.361Z] > git config --get commit.template [1ms]
[2022-09-20T16:06:18.840Z] > git status -z -uall [18ms]
[2022-09-20T16:06:18.847Z] > git symbolic-ref --short HEAD [1ms]
[2022-09-20T16:06:18.855Z] > git for-each-ref --format=%(refname)%00%(upstream:short)%00%(objectname)%00%(upstream:track)%00%(upstream:remotename)%00%(upstream:remoteref) refs/heads/main refs/remotes/main [2ms]
[2022-09-20T16:06:18.872Z] > git remote --verbose [2ms]
[2022-09-20T16:06:18.872Z] > git for-each-ref --sort -committerdate --format %(refname) %(objectname) %(*objectname) [10ms]
[2022-09-20T16:06:18.939Z] > git config --get commit.template [2ms]
[2022-09-20T16:06:28.954Z] > git show --textconv :install_scripts/copy_and_backup_dotfiles.sh [8ms]
[2022-09-20T16:06:28.957Z] > git ls-files --stage -- /home/turbobato/utils/dotfiles/install_scripts/copy_and_backup_dotfiles.sh [4ms]
[2022-09-20T16:08:53.211Z] > git status -z -uall [8ms]
[2022-09-20T16:08:53.218Z] > git symbolic-ref --short HEAD [1ms]
[2022-09-20T16:08:53.226Z] > git for-each-ref --format=%(refname)%00%(upstream:short)%00%(objectname)%00%(upstream:track)%00%(upstream:remotename)%00%(upstream:remoteref) refs/heads/main refs/remotes/main [1ms]
[2022-09-20T16:08:53.239Z] > git remote --verbose [2ms]
[2022-09-20T16:08:53.239Z] > git for-each-ref --sort -committerdate --format %(refname) %(objectname) %(*objectname) [8ms]
[2022-09-20T16:08:53.288Z] > git config --get commit.template [0ms]
[2022-09-20T16:09:47.623Z] > git status -z -uall [10ms]
[2022-09-20T16:09:47.630Z] > git symbolic-ref --short HEAD [1ms]
[2022-09-20T16:09:47.637Z] > git for-each-ref --format=%(refname)%00%(upstream:short)%00%(objectname)%00%(upstream:track)%00%(upstream:remotename)%00%(upstream:remoteref) refs/heads/main refs/remotes/main [1ms]
[2022-09-20T16:09:47.649Z] > git for-each-ref --sort -committerdate --format %(refname) %(objectname) %(*objectname) [7ms]
[2022-09-20T16:09:47.649Z] > git remote --verbose [1ms]
[2022-09-20T16:09:47.708Z] > git config --get commit.template [1ms]
[2022-09-20T16:09:52.733Z] > git status -z -uall [16ms]
[2022-09-20T16:09:52.744Z] > git symbolic-ref --short HEAD [1ms]
[2022-09-20T16:09:52.752Z] > git for-each-ref --format=%(refname)%00%(upstream:short)%00%(objectname)%00%(upstream:track)%00%(upstream:remotename)%00%(upstream:remoteref) refs/heads/main refs/remotes/main [2ms]
[2022-09-20T16:09:52.766Z] > git for-each-ref --sort -committerdate --format %(refname) %(objectname) %(*objectname) [9ms]
[2022-09-20T16:09:52.766Z] > git remote --verbose [2ms]
[2022-09-20T16:09:52.835Z] > git config --get commit.template [2ms]
[2022-09-20T16:10:06.450Z] > git status -z -uall [16ms]
[2022-09-20T16:10:06.457Z] > git symbolic-ref --short HEAD [2ms]
[2022-09-20T16:10:06.463Z] > git for-each-ref --format=%(refname)%00%(upstream:short)%00%(objectname)%00%(upstream:track)%00%(upstream:remotename)%00%(upstream:remoteref) refs/heads/main refs/remotes/main [1ms]
[2022-09-20T16:10:06.478Z] > git for-each-ref --sort -committerdate --format %(refname) %(objectname) %(*objectname) [9ms]
[2022-09-20T16:10:06.478Z] > git remote --verbose [2ms]
[2022-09-20T16:10:06.518Z] > git config --get commit.template [3ms]
[2022-09-20T16:10:11.535Z] > git status -z -uall [6ms]
[2022-09-20T16:10:11.544Z] > git symbolic-ref --short HEAD [2ms]
[2022-09-20T16:10:11.556Z] > git for-each-ref --format=%(refname)%00%(upstream:short)%00%(objectname)%00%(upstream:track)%00%(upstream:remotename)%00%(upstream:remoteref) refs/heads/main refs/remotes/main [3ms]
[2022-09-20T16:10:11.574Z] > git remote --verbose [2ms]
[2022-09-20T16:10:11.575Z] > git for-each-ref --sort -committerdate --format %(refname) %(objectname) %(*objectname) [11ms]
[2022-09-20T16:10:11.616Z] > git config --get commit.template [4ms]
[2022-09-20T16:10:13.703Z] > git check-ignore -v -z --stdin [1ms]
[2022-09-20T16:10:16.646Z] > git status -z -uall [19ms]
[2022-09-20T16:10:16.653Z] > git symbolic-ref --short HEAD [0ms]
[2022-09-20T16:10:16.664Z] > git for-each-ref --format=%(refname)%00%(upstream:short)%00%(objectname)%00%(upstream:track)%00%(upstream:remotename)%00%(upstream:remoteref) refs/heads/main refs/remotes/main [2ms]
[2022-09-20T16:10:16.683Z] > git for-each-ref --sort -committerdate --format %(refname) %(objectname) %(*objectname) [11ms]
[2022-09-20T16:10:16.683Z] > git remote --verbose [2ms]
[2022-09-20T16:10:16.751Z] > git config --get commit.template [1ms]
[2022-09-20T16:10:58.157Z] > git status -z -uall [7ms]
[2022-09-20T16:10:58.163Z] > git symbolic-ref --short HEAD [1ms]
[2022-09-20T16:10:58.169Z] > git for-each-ref --format=%(refname)%00%(upstream:short)%00%(objectname)%00%(upstream:track)%00%(upstream:remotename)%00%(upstream:remoteref) refs/heads/main refs/remotes/main [1ms]
[2022-09-20T16:10:58.182Z] > git for-each-ref --sort -committerdate --format %(refname) %(objectname) %(*objectname) [7ms]
[2022-09-20T16:10:58.183Z] > git remote --verbose [2ms]
[2022-09-20T16:10:58.233Z] > git config --get commit.template [1ms]
[2022-09-20T16:11:03.248Z] > git status -z -uall [8ms]
[2022-09-20T16:11:03.257Z] > git symbolic-ref --short HEAD [2ms]
[2022-09-20T16:11:03.265Z] > git for-each-ref --format=%(refname)%00%(upstream:short)%00%(objectname)%00%(upstream:track)%00%(upstream:remotename)%00%(upstream:remoteref) refs/heads/main refs/remotes/main [1ms]
[2022-09-20T16:11:03.278Z] > git for-each-ref --sort -committerdate --format %(refname) %(objectname) %(*objectname) [7ms]
[2022-09-20T16:11:03.278Z] > git remote --verbose [1ms]
[2022-09-20T16:11:03.326Z] > git config --get commit.template [1ms]
[2022-09-20T16:12:18.825Z] > git status -z -uall [16ms]
[2022-09-20T16:12:18.836Z] > git symbolic-ref --short HEAD [2ms]
[2022-09-20T16:12:18.847Z] > git for-each-ref --format=%(refname)%00%(upstream:short)%00%(objectname)%00%(upstream:track)%00%(upstream:remotename)%00%(upstream:remoteref) refs/heads/main refs/remotes/main [2ms]
[2022-09-20T16:12:18.865Z] > git remote --verbose [2ms]
[2022-09-20T16:12:18.865Z] > git for-each-ref --sort -committerdate --format %(refname) %(objectname) %(*objectname) [9ms]
[2022-09-20T16:12:18.938Z] > git config --get commit.template [1ms]
[2022-09-20T16:12:23.953Z] > git status -z -uall [7ms]
[2022-09-20T16:12:23.960Z] > git symbolic-ref --short HEAD [0ms]
[2022-09-20T16:12:23.970Z] > git for-each-ref --format=%(refname)%00%(upstream:short)%00%(objectname)%00%(upstream:track)%00%(upstream:remotename)%00%(upstream:remoteref) refs/heads/main refs/remotes/main [2ms]
[2022-09-20T16:12:23.986Z] > git for-each-ref --sort -committerdate --format %(refname) %(objectname) %(*objectname) [8ms]
[2022-09-20T16:12:23.986Z] > git remote --verbose [1ms]
[2022-09-20T16:12:24.059Z] > git config --get commit.template [3ms]
[2022-09-20T16:12:34.869Z] > git status -z -uall [8ms]
[2022-09-20T16:12:34.876Z] > git symbolic-ref --short HEAD [1ms]
[2022-09-20T16:12:34.884Z] > git for-each-ref --format=%(refname)%00%(upstream:short)%00%(objectname)%00%(upstream:track)%00%(upstream:remotename)%00%(upstream:remoteref) refs/heads/main refs/remotes/main [1ms]
[2022-09-20T16:12:34.899Z] > git for-each-ref --sort -committerdate --format %(refname) %(objectname) %(*objectname) [8ms]
[2022-09-20T16:12:34.899Z] > git remote --verbose [1ms]
[2022-09-20T16:12:34.935Z] > git config --get commit.template [4ms]
[2022-09-20T16:12:39.965Z] > git status -z -uall [18ms]
[2022-09-20T16:12:39.972Z] > git symbolic-ref --short HEAD [1ms]
[2022-09-20T16:12:39.980Z] > git for-each-ref --format=%(refname)%00%(upstream:short)%00%(objectname)%00%(upstream:track)%00%(upstream:remotename)%00%(upstream:remoteref) refs/heads/main refs/remotes/main [1ms]
[2022-09-20T16:12:39.996Z] > git for-each-ref --sort -committerdate --format %(refname) %(objectname) %(*objectname) [10ms]
[2022-09-20T16:12:39.997Z] > git remote --verbose [2ms]
[2022-09-20T16:12:40.069Z] > git config --get commit.template [2ms]
[2022-09-20T16:12:59.095Z] > git check-ignore -v -z --stdin [3ms]
[2022-09-20T16:13:09.009Z] > git status -z -uall [13ms]
[2022-09-20T16:13:09.015Z] > git symbolic-ref --short HEAD [0ms]
[2022-09-20T16:13:09.025Z] > git for-each-ref --format=%(refname)%00%(upstream:short)%00%(objectname)%00%(upstream:track)%00%(upstream:remotename)%00%(upstream:remoteref) refs/heads/main refs/remotes/main [2ms]
[2022-09-20T16:13:09.037Z] > git for-each-ref --sort -committerdate --format %(refname) %(objectname) %(*objectname) [5ms]
[2022-09-20T16:13:09.037Z] > git remote --verbose [1ms]
[2022-09-20T16:13:09.090Z] > git config --get commit.template [1ms]
[2022-09-20T16:13:15.880Z] > git status -z -uall [10ms]
[2022-09-20T16:13:15.887Z] > git symbolic-ref --short HEAD [0ms]
[2022-09-20T16:13:15.896Z] > git for-each-ref --format=%(refname)%00%(upstream:short)%00%(objectname)%00%(upstream:track)%00%(upstream:remotename)%00%(upstream:remoteref) refs/heads/main refs/remotes/main [1ms]
[2022-09-20T16:13:15.910Z] > git remote --verbose [2ms]
[2022-09-20T16:13:15.910Z] > git for-each-ref --sort -committerdate --format %(refname) %(objectname) %(*objectname) [8ms]
[2022-09-20T16:13:15.957Z] > git config --get commit.template [1ms]
[2022-09-20T16:14:14.516Z] > git status -z -uall [10ms]
[2022-09-20T16:14:14.521Z] > git symbolic-ref --short HEAD [1ms]
[2022-09-20T16:14:14.526Z] > git for-each-ref --format=%(refname)%00%(upstream:short)%00%(objectname)%00%(upstream:track)%00%(upstream:remotename)%00%(upstream:remoteref) refs/heads/main refs/remotes/main [1ms]
[2022-09-20T16:14:14.535Z] > git for-each-ref --sort -committerdate --format %(refname) %(objectname) %(*objectname) [5ms]
[2022-09-20T16:14:14.535Z] > git remote --verbose [1ms]
[2022-09-20T16:14:14.592Z] > git config --get commit.template [1ms]
[2022-09-20T16:14:19.619Z] > git status -z -uall [15ms]
[2022-09-20T16:14:19.628Z] > git symbolic-ref --short HEAD [1ms]
[2022-09-20T16:14:19.637Z] > git for-each-ref --format=%(refname)%00%(upstream:short)%00%(objectname)%00%(upstream:track)%00%(upstream:remotename)%00%(upstream:remoteref) refs/heads/main refs/remotes/main [1ms]
[2022-09-20T16:14:19.654Z] > git remote --verbose [1ms]
[2022-09-20T16:14:19.654Z] > git for-each-ref --sort -committerdate --format %(refname) %(objectname) %(*objectname) [9ms]
[2022-09-20T16:14:19.728Z] > git config --get commit.template [2ms]
[2022-09-20T16:15:01.609Z] > git status -z -uall [9ms]
[2022-09-20T16:15:01.616Z] > git symbolic-ref --short HEAD [1ms]
[2022-09-20T16:15:01.623Z] > git for-each-ref --format=%(refname)%00%(upstream:short)%00%(objectname)%00%(upstream:track)%00%(upstream:remotename)%00%(upstream:remoteref) refs/heads/main refs/remotes/main [1ms]
[2022-09-20T16:15:01.633Z] > git for-each-ref --sort -committerdate --format %(refname) %(objectname) %(*objectname) [5ms]
[2022-09-20T16:15:01.633Z] > git remote --verbose [1ms]
[2022-09-20T16:15:01.685Z] > git config --get commit.template [0ms]
[2022-09-20T16:15:06.714Z] > git status -z -uall [17ms]
[2022-09-20T16:15:06.725Z] > git symbolic-ref --short HEAD [2ms]
[2022-09-20T16:15:06.736Z] > git for-each-ref --format=%(refname)%00%(upstream:short)%00%(objectname)%00%(upstream:track)%00%(upstream:remotename)%00%(upstream:remoteref) refs/heads/main refs/remotes/main [2ms]
[2022-09-20T16:15:06.749Z] > git remote --verbose [1ms]
[2022-09-20T16:15:06.749Z] > git for-each-ref --sort -committerdate --format %(refname) %(objectname) %(*objectname) [6ms]
[2022-09-20T16:15:06.820Z] > git config --get commit.template [1ms]
[2022-09-20T16:15:26.319Z] > git status -z -uall [11ms]
[2022-09-20T16:15:26.326Z] > git symbolic-ref --short HEAD [1ms]
[2022-09-20T16:15:26.333Z] > git for-each-ref --format=%(refname)%00%(upstream:short)%00%(objectname)%00%(upstream:track)%00%(upstream:remotename)%00%(upstream:remoteref) refs/heads/main refs/remotes/main [1ms]
[2022-09-20T16:15:26.344Z] > git for-each-ref --sort -committerdate --format %(refname) %(objectname) %(*objectname) [6ms]
[2022-09-20T16:15:26.344Z] > git remote --verbose [1ms]
[2022-09-20T16:15:26.397Z] > git config --get commit.template [1ms]
