[2022-09-20T09:24:37.397Z] Log level: Info
[2022-09-20T09:24:37.399Z] [info] Validating found git in: git
[2022-09-20T09:24:37.410Z] [info] Using git 2.37.3 from git
[2022-09-20T09:24:37.425Z] > git rev-parse --show-toplevel [4ms]
[2022-09-20T09:24:37.425Z] fatal: not a git repository (or any of the parent directories): .git
[2022-09-20T09:24:37.432Z] > git rev-parse --show-toplevel [1ms]
[2022-09-20T09:24:37.433Z] fatal: not a git repository (or any of the parent directories): .git
[2022-09-20T09:24:37.440Z] > git rev-parse --show-toplevel [2ms]
[2022-09-20T09:24:37.440Z] fatal: not a git repository (or any of the parent directories): .git
[2022-09-20T09:24:37.446Z] > git rev-parse --show-toplevel [1ms]
[2022-09-20T09:24:37.446Z] fatal: not a git repository (or any of the parent directories): .git
[2022-09-20T09:24:37.452Z] > git rev-parse --show-toplevel [1ms]
[2022-09-20T09:24:37.452Z] fatal: not a git repository (or any of the parent directories): .git
[2022-09-20T09:24:37.458Z] > git rev-parse --show-toplevel [1ms]
[2022-09-20T09:24:37.458Z] fatal: not a git repository (or any of the parent directories): .git
[2022-09-20T09:24:37.482Z] > git rev-parse --show-toplevel [20ms]
[2022-09-20T09:24:37.482Z] fatal: not a git repository (or any of the parent directories): .git
[2022-09-20T09:24:37.501Z] > git rev-parse --show-toplevel [15ms]
[2022-09-20T09:24:37.501Z] fatal: not a git repository (or any of the parent directories): .git
[2022-09-20T09:24:37.508Z] > git rev-parse --show-toplevel [1ms]
[2022-09-20T09:24:37.508Z] fatal: not a git repository (or any of the parent directories): .git
[2022-09-20T09:24:37.513Z] > git rev-parse --show-toplevel [1ms]
[2022-09-20T09:24:37.513Z] fatal: not a git repository (or any of the parent directories): .git
[2022-09-20T09:24:37.520Z] > git rev-parse --show-toplevel [3ms]
[2022-09-20T09:24:37.520Z] fatal: not a git repository (or any of the parent directories): .git
[2022-09-20T09:24:37.525Z] > git rev-parse --show-toplevel [0ms]
[2022-09-20T09:24:37.525Z] fatal: not a git repository (or any of the parent directories): .git
[2022-09-20T09:24:37.530Z] > git rev-parse --show-toplevel [1ms]
[2022-09-20T09:24:37.530Z] fatal: not a git repository (or any of the parent directories): .git
[2022-09-20T09:24:37.534Z] > git rev-parse --show-toplevel [0ms]
[2022-09-20T09:24:37.534Z] fatal: not a git repository (or any of the parent directories): .git
[2022-09-20T09:24:37.538Z] > git rev-parse --show-toplevel [1ms]
[2022-09-20T09:24:37.538Z] fatal: not a git repository (or any of the parent directories): .git
[2022-09-20T09:24:37.543Z] > git rev-parse --show-toplevel [1ms]
[2022-09-20T09:24:37.543Z] fatal: not a git repository (or any of the parent directories): .git
[2022-09-20T09:24:37.548Z] > git rev-parse --show-toplevel [1ms]
[2022-09-20T09:24:37.548Z] fatal: not a git repository (or any of the parent directories): .git
[2022-09-20T09:24:37.553Z] > git rev-parse --show-toplevel [0ms]
[2022-09-20T09:24:37.553Z] fatal: not a git repository (or any of the parent directories): .git
[2022-09-20T09:24:37.559Z] > git rev-parse --show-toplevel [1ms]
[2022-09-20T09:24:37.559Z] fatal: not a git repository (or any of the parent directories): .git
[2022-09-20T09:24:37.564Z] > git rev-parse --show-toplevel [1ms]
[2022-09-20T09:24:37.564Z] fatal: not a git repository (or any of the parent directories): .git
[2022-09-20T09:24:37.569Z] > git rev-parse --show-toplevel [1ms]
[2022-09-20T09:24:37.569Z] fatal: not a git repository (or any of the parent directories): .git
[2022-09-20T09:24:37.574Z] > git rev-parse --show-toplevel [0ms]
[2022-09-20T09:24:37.574Z] fatal: not a git repository (or any of the parent directories): .git
[2022-09-20T09:24:37.580Z] > git rev-parse --show-toplevel [1ms]
[2022-09-20T09:24:37.580Z] fatal: not a git repository (or any of the parent directories): .git
[2022-09-20T09:24:37.585Z] > git rev-parse --show-toplevel [0ms]
[2022-09-20T09:24:37.585Z] fatal: not a git repository (or any of the parent directories): .git
[2022-09-20T09:24:37.591Z] > git rev-parse --show-toplevel [1ms]
[2022-09-20T09:24:37.591Z] fatal: not a git repository (or any of the parent directories): .git
[2022-09-20T09:24:37.595Z] > git rev-parse --show-toplevel [1ms]
[2022-09-20T09:24:37.595Z] fatal: not a git repository (or any of the parent directories): .git
[2022-09-20T09:24:37.601Z] > git rev-parse --show-toplevel [1ms]
[2022-09-20T09:24:37.601Z] fatal: not a git repository (or any of the parent directories): .git
[2022-09-20T09:24:37.606Z] > git rev-parse --show-toplevel [0ms]
[2022-09-20T09:24:37.606Z] fatal: not a git repository (or any of the parent directories): .git
[2022-09-20T09:24:37.612Z] > git rev-parse --show-toplevel [1ms]
[2022-09-20T09:24:37.612Z] fatal: not a git repository (or any of the parent directories): .git
